1650642153967	geckodriver	INFO	Listening on 127.0.0.1:56322
1650642272060	geckodriver	INFO	Listening on 127.0.0.1:56471
1650642543860	geckodriver	INFO	Listening on 127.0.0.1:56784
1650642544302	mozrunner::runner	INFO	Running command: "/Applications/Firefox.app/Contents/MacOS/firefox-bin" "--marionette" "--remote-debugging-port" "56785" "--remote-allow-hosts" "localhost" "-foreground" "-no-remote" "-profile" "/var/folders/ms/gfqhw9v15v55931yqg1_j3t80000gn/T/rust_mozprofileCqoLnr"
1650642544609	Marionette	INFO	Marionette enabled
UNSUPPORTED (log once): POSSIBLE ISSUE: unit 1 GLD_TEXTURE_INDEX_2D is unloadable and bound to sampler type (Float) - using zero texture because texture unloadable
console.warn: SearchSettings: "get: No settings file exists, new profile?" (new NotFoundError("Could not open the file at /var/folders/ms/gfqhw9v15v55931yqg1_j3t80000gn/T/rust_mozprofileCqoLnr/search.json.mozlz4", (void 0)))
console.error: BackgroundUpdate: 
  _reasonsToNotScheduleUpdates: Failed to check for Maintenance Service Registry Key: [Exception... "Component returned failure code: 0x80004001 (NS_ERROR_NOT_IMPLEMENTED) [nsIUpdateProcessor.getServiceRegKeyExists]"  nsresult: "0x80004001 (NS_ERROR_NOT_IMPLEMENTED)"  location: "JS frame :: resource://gre/modules/BackgroundUpdate.jsm :: _reasonsToNotScheduleUpdates :: line 241"  data: no]
DevTools listening on ws://localhost:56785/devtools/browser/da2f4611-2e55-483d-a0d1-cc0d4cf4cd76
1650642545774	Marionette	INFO	Listening on port 56802
Read port: 56802
1650642545877	RemoteAgent	WARN	TLS certificate errors will be ignored for this session
1650642547199	Marionette	WARN	Ignoring event 'pageshow' because document has an invalid readyState of 'uninitialized'.
[2022-04-22T15:49:07Z ERROR mp4parse] Found 2 nul bytes in "\u{0}\u{0}"
[2022-04-22T15:49:07Z ERROR mp4parse] Found 2 nul bytes in "\u{0}\u{0}"
[2022-04-22T15:49:07Z ERROR mp4parse] Found 2 nul bytes in "\u{0}\u{0}"
[2022-04-22T15:49:07Z ERROR mp4parse] Found 2 nul bytes in "\u{0}\u{0}"
[GFX1-]: Receive IPC close with reason=AbnormalShutdown
Exiting due to channel error.
Exiting due to channel error.
Exiting due to channel error.
1650642624671	geckodriver	INFO	Listening on 127.0.0.1:56958
1650642625090	mozrunner::runner	INFO	Running command: "/Applications/Firefox.app/Contents/MacOS/firefox-bin" "--marionette" "--remote-debugging-port" "56959" "--remote-allow-hosts" "localhost" "-foreground" "-no-remote" "-profile" "/var/folders/ms/gfqhw9v15v55931yqg1_j3t80000gn/T/rust_mozprofilemYPryn"
1650642625381	Marionette	INFO	Marionette enabled
UNSUPPORTED (log once): POSSIBLE ISSUE: unit 1 GLD_TEXTURE_INDEX_2D is unloadable and bound to sampler type (Float) - using zero texture because texture unloadable
console.warn: SearchSettings: "get: No settings file exists, new profile?" (new NotFoundError("Could not open the file at /var/folders/ms/gfqhw9v15v55931yqg1_j3t80000gn/T/rust_mozprofilemYPryn/search.json.mozlz4", (void 0)))
console.error: BackgroundUpdate: 
  _reasonsToNotScheduleUpdates: Failed to check for Maintenance Service Registry Key: [Exception... "Component returned failure code: 0x80004001 (NS_ERROR_NOT_IMPLEMENTED) [nsIUpdateProcessor.getServiceRegKeyExists]"  nsresult: "0x80004001 (NS_ERROR_NOT_IMPLEMENTED)"  location: "JS frame :: resource://gre/modules/BackgroundUpdate.jsm :: _reasonsToNotScheduleUpdates :: line 241"  data: no]
DevTools listening on ws://localhost:56959/devtools/browser/9ab05609-e1e1-41b0-bddf-1f5e0db86f20
1650642626167	Marionette	INFO	Listening on port 56972
Read port: 56972
1650642626240	RemoteAgent	WARN	TLS certificate errors will be ignored for this session
1650642628937	Marionette	WARN	Ignoring event 'pageshow' because document has an invalid readyState of 'uninitialized'.
[2022-04-22T15:50:29Z ERROR mp4parse] Found 2 nul bytes in "\u{0}\u{0}"
[2022-04-22T15:50:29Z ERROR mp4parse] Found 2 nul bytes in "\u{0}\u{0}"
[2022-04-22T15:50:29Z ERROR mp4parse] Found 2 nul bytes in "\u{0}\u{0}"
[2022-04-22T15:50:30Z ERROR mp4parse] Found 2 nul bytes in "\u{0}\u{0}"
[2022-04-22T15:50:59Z ERROR mp4parse] Found 2 nul bytes in "\u{0}\u{0}"
[2022-04-22T15:50:59Z ERROR mp4parse] Found 2 nul bytes in "\u{0}\u{0}"
[2022-04-22T15:50:59Z ERROR mp4parse] Found 2 nul bytes in "\u{0}\u{0}"
[2022-04-22T15:50:59Z ERROR mp4parse] Found 2 nul bytes in "\u{0}\u{0}"
1650642770244	geckodriver	INFO	Listening on 127.0.0.1:57199
1650642770663	mozrunner::runner	INFO	Running command: "/Applications/Firefox.app/Contents/MacOS/firefox-bin" "--marionette" "--remote-debugging-port" "57200" "--remote-allow-hosts" "localhost" "-foreground" "-no-remote" "-profile" "/var/folders/ms/gfqhw9v15v55931yqg1_j3t80000gn/T/rust_mozprofile7pK76f"
1650642770937	Marionette	INFO	Marionette enabled
UNSUPPORTED (log once): POSSIBLE ISSUE: unit 1 GLD_TEXTURE_INDEX_2D is unloadable and bound to sampler type (Float) - using zero texture because texture unloadable
console.warn: SearchSettings: "get: No settings file exists, new profile?" (new NotFoundError("Could not open the file at /var/folders/ms/gfqhw9v15v55931yqg1_j3t80000gn/T/rust_mozprofile7pK76f/search.json.mozlz4", (void 0)))
console.error: BackgroundUpdate: 
  _reasonsToNotScheduleUpdates: Failed to check for Maintenance Service Registry Key: [Exception... "Component returned failure code: 0x80004001 (NS_ERROR_NOT_IMPLEMENTED) [nsIUpdateProcessor.getServiceRegKeyExists]"  nsresult: "0x80004001 (NS_ERROR_NOT_IMPLEMENTED)"  location: "JS frame :: resource://gre/modules/BackgroundUpdate.jsm :: _reasonsToNotScheduleUpdates :: line 241"  data: no]
DevTools listening on ws://localhost:57200/devtools/browser/313bf2cc-2200-4086-aa86-b417d377b285
1650642771998	Marionette	INFO	Listening on port 57217
Read port: 57217
1650642772052	RemoteAgent	WARN	TLS certificate errors will be ignored for this session
1650642773335	Marionette	WARN	Ignoring event 'pageshow' because document has an invalid readyState of 'uninitialized'.
[2022-04-22T15:52:53Z ERROR mp4parse] Found 2 nul bytes in "\u{0}\u{0}"
[2022-04-22T15:52:53Z ERROR mp4parse] Found 2 nul bytes in "\u{0}\u{0}"
[2022-04-22T15:52:53Z ERROR mp4parse] Found 2 nul bytes in "\u{0}\u{0}"
[2022-04-22T15:52:54Z ERROR mp4parse] Found 2 nul bytes in "\u{0}\u{0}"
[2022-04-22T15:53:23Z ERROR mp4parse] Found 2 nul bytes in "\u{0}\u{0}"
[2022-04-22T15:53:23Z ERROR mp4parse] Found 2 nul bytes in "\u{0}\u{0}"
[2022-04-22T15:53:23Z ERROR mp4parse] Found 2 nul bytes in "\u{0}\u{0}"
[2022-04-22T15:53:23Z ERROR mp4parse] Found 2 nul bytes in "\u{0}\u{0}"
[2022-04-22T15:53:29Z ERROR mp4parse] Found 2 nul bytes in "\u{0}\u{0}"
[2022-04-22T15:53:29Z ERROR mp4parse] Found 2 nul bytes in "\u{0}\u{0}"
[2022-04-22T15:53:29Z ERROR mp4parse] Found 2 nul bytes in "\u{0}\u{0}"
[2022-04-22T15:53:29Z ERROR mp4parse] Found 2 nul bytes in "\u{0}\u{0}"
[2022-04-22T15:53:34Z ERROR mp4parse] Found 2 nul bytes in "\u{0}\u{0}"
[2022-04-22T15:53:34Z ERROR mp4parse] Found 2 nul bytes in "\u{0}\u{0}"
[2022-04-22T15:53:34Z ERROR mp4parse] Found 2 nul bytes in "\u{0}\u{0}"
[2022-04-22T15:53:34Z ERROR mp4parse] Found 2 nul bytes in "\u{0}\u{0}"
[2022-04-22T15:53:40Z ERROR mp4parse] Found 2 nul bytes in "\u{0}\u{0}"
[2022-04-22T15:53:40Z ERROR mp4parse] Found 2 nul bytes in "\u{0}\u{0}"
[2022-04-22T15:53:40Z ERROR mp4parse] Found 2 nul bytes in "\u{0}\u{0}"
[2022-04-22T15:53:40Z ERROR mp4parse] Found 2 nul bytes in "\u{0}\u{0}"
[2022-04-22T15:54:04Z ERROR mp4parse] Found 2 nul bytes in "\u{0}\u{0}"
[2022-04-22T15:54:04Z ERROR mp4parse] Found 2 nul bytes in "\u{0}\u{0}"
[2022-04-22T15:54:04Z ERROR mp4parse] Found 2 nul bytes in "\u{0}\u{0}"
[2022-04-22T15:54:04Z ERROR mp4parse] Found 2 nul bytes in "\u{0}\u{0}"
[2022-04-22T15:54:10Z ERROR mp4parse] Found 2 nul bytes in "\u{0}\u{0}"
[2022-04-22T15:54:10Z ERROR mp4parse] Found 2 nul bytes in "\u{0}\u{0}"
[2022-04-22T15:54:10Z ERROR mp4parse] Found 2 nul bytes in "\u{0}\u{0}"
[2022-04-22T15:54:10Z ERROR mp4parse] Found 2 nul bytes in "\u{0}\u{0}"
1650642975216	geckodriver	INFO	Listening on 127.0.0.1:57488
1650642975632	mozrunner::runner	INFO	Running command: "/Applications/Firefox.app/Contents/MacOS/firefox-bin" "--marionette" "--remote-debugging-port" "57489" "--remote-allow-hosts" "localhost" "-foreground" "-no-remote" "-profile" "/var/folders/ms/gfqhw9v15v55931yqg1_j3t80000gn/T/rust_mozprofile6ZUJXE"
1650642975920	Marionette	INFO	Marionette enabled
UNSUPPORTED (log once): POSSIBLE ISSUE: unit 1 GLD_TEXTURE_INDEX_2D is unloadable and bound to sampler type (Float) - using zero texture because texture unloadable
console.warn: SearchSettings: "get: No settings file exists, new profile?" (new NotFoundError("Could not open the file at /var/folders/ms/gfqhw9v15v55931yqg1_j3t80000gn/T/rust_mozprofile6ZUJXE/search.json.mozlz4", (void 0)))
console.error: BackgroundUpdate: 
  _reasonsToNotScheduleUpdates: Failed to check for Maintenance Service Registry Key: [Exception... "Component returned failure code: 0x80004001 (NS_ERROR_NOT_IMPLEMENTED) [nsIUpdateProcessor.getServiceRegKeyExists]"  nsresult: "0x80004001 (NS_ERROR_NOT_IMPLEMENTED)"  location: "JS frame :: resource://gre/modules/BackgroundUpdate.jsm :: _reasonsToNotScheduleUpdates :: line 241"  data: no]
DevTools listening on ws://localhost:57489/devtools/browser/929c7402-ffd4-4ea1-8dd2-15756c257ba4
1650642976999	Marionette	INFO	Listening on port 57507
Read port: 57507
1650642977090	RemoteAgent	WARN	TLS certificate errors will be ignored for this session
1650642985206	geckodriver	INFO	Listening on 127.0.0.1:57542
1650642985636	mozrunner::runner	INFO	Running command: "/Applications/Firefox.app/Contents/MacOS/firefox-bin" "--marionette" "--remote-debugging-port" "57543" "--remote-allow-hosts" "localhost" "-foreground" "-no-remote" "-profile" "/var/folders/ms/gfqhw9v15v55931yqg1_j3t80000gn/T/rust_mozprofileQ7OuTI"
1650642985915	Marionette	INFO	Marionette enabled
UNSUPPORTED (log once): POSSIBLE ISSUE: unit 1 GLD_TEXTURE_INDEX_2D is unloadable and bound to sampler type (Float) - using zero texture because texture unloadable
console.warn: SearchSettings: "get: No settings file exists, new profile?" (new NotFoundError("Could not open the file at /var/folders/ms/gfqhw9v15v55931yqg1_j3t80000gn/T/rust_mozprofileQ7OuTI/search.json.mozlz4", (void 0)))
console.error: BackgroundUpdate: 
  _reasonsToNotScheduleUpdates: Failed to check for Maintenance Service Registry Key: [Exception... "Component returned failure code: 0x80004001 (NS_ERROR_NOT_IMPLEMENTED) [nsIUpdateProcessor.getServiceRegKeyExists]"  nsresult: "0x80004001 (NS_ERROR_NOT_IMPLEMENTED)"  location: "JS frame :: resource://gre/modules/BackgroundUpdate.jsm :: _reasonsToNotScheduleUpdates :: line 241"  data: no]
DevTools listening on ws://localhost:57543/devtools/browser/ac857a78-289d-46a5-b684-a646aa258e45
1650642986994	Marionette	INFO	Listening on port 57561
Read port: 57561
1650642987031	RemoteAgent	WARN	TLS certificate errors will be ignored for this session
1650643004105	geckodriver	INFO	Listening on 127.0.0.1:57607
1650643004522	mozrunner::runner	INFO	Running command: "/Applications/Firefox.app/Contents/MacOS/firefox-bin" "--marionette" "--remote-debugging-port" "57608" "--remote-allow-hosts" "localhost" "-foreground" "-no-remote" "-profile" "/var/folders/ms/gfqhw9v15v55931yqg1_j3t80000gn/T/rust_mozprofilekLNMZx"
1650643004800	Marionette	INFO	Marionette enabled
UNSUPPORTED (log once): POSSIBLE ISSUE: unit 1 GLD_TEXTURE_INDEX_2D is unloadable and bound to sampler type (Float) - using zero texture because texture unloadable
console.warn: SearchSettings: "get: No settings file exists, new profile?" (new NotFoundError("Could not open the file at /var/folders/ms/gfqhw9v15v55931yqg1_j3t80000gn/T/rust_mozprofilekLNMZx/search.json.mozlz4", (void 0)))
console.error: BackgroundUpdate: 
  _reasonsToNotScheduleUpdates: Failed to check for Maintenance Service Registry Key: [Exception... "Component returned failure code: 0x80004001 (NS_ERROR_NOT_IMPLEMENTED) [nsIUpdateProcessor.getServiceRegKeyExists]"  nsresult: "0x80004001 (NS_ERROR_NOT_IMPLEMENTED)"  location: "JS frame :: resource://gre/modules/BackgroundUpdate.jsm :: _reasonsToNotScheduleUpdates :: line 241"  data: no]
DevTools listening on ws://localhost:57608/devtools/browser/34685698-011f-46f7-a96b-3ee9b8a73748
1650643005826	Marionette	INFO	Listening on port 57625
Read port: 57625
1650643005886	RemoteAgent	WARN	TLS certificate errors will be ignored for this session
1650643015949	geckodriver	INFO	Listening on 127.0.0.1:57658
1650643016386	mozrunner::runner	INFO	Running command: "/Applications/Firefox.app/Contents/MacOS/firefox-bin" "--marionette" "--remote-debugging-port" "57659" "--remote-allow-hosts" "localhost" "-foreground" "-no-remote" "-profile" "/var/folders/ms/gfqhw9v15v55931yqg1_j3t80000gn/T/rust_mozprofile4kN3QO"
1650643016661	Marionette	INFO	Marionette enabled
UNSUPPORTED (log once): POSSIBLE ISSUE: unit 1 GLD_TEXTURE_INDEX_2D is unloadable and bound to sampler type (Float) - using zero texture because texture unloadable
console.warn: SearchSettings: "get: No settings file exists, new profile?" (new NotFoundError("Could not open the file at /var/folders/ms/gfqhw9v15v55931yqg1_j3t80000gn/T/rust_mozprofile4kN3QO/search.json.mozlz4", (void 0)))
console.error: BackgroundUpdate: 
  _reasonsToNotScheduleUpdates: Failed to check for Maintenance Service Registry Key: [Exception... "Component returned failure code: 0x80004001 (NS_ERROR_NOT_IMPLEMENTED) [nsIUpdateProcessor.getServiceRegKeyExists]"  nsresult: "0x80004001 (NS_ERROR_NOT_IMPLEMENTED)"  location: "JS frame :: resource://gre/modules/BackgroundUpdate.jsm :: _reasonsToNotScheduleUpdates :: line 241"  data: no]
DevTools listening on ws://localhost:57659/devtools/browser/1de846f4-8117-4a2f-b01c-112d7fcedd92
1650643017710	Marionette	INFO	Listening on port 57677
Read port: 57677
1650643017748	RemoteAgent	WARN	TLS certificate errors will be ignored for this session
1650643019023	Marionette	WARN	Ignoring event 'pageshow' because document has an invalid readyState of 'uninitialized'.
[2022-04-22T15:56:59Z ERROR mp4parse] Found 2 nul bytes in "\u{0}\u{0}"
[2022-04-22T15:56:59Z ERROR mp4parse] Found 2 nul bytes in "\u{0}\u{0}"
[2022-04-22T15:56:59Z ERROR mp4parse] Found 2 nul bytes in "\u{0}\u{0}"
[2022-04-22T15:56:59Z ERROR mp4parse] Found 2 nul bytes in "\u{0}\u{0}"
[2022-04-22T15:57:32Z ERROR mp4parse] Found 2 nul bytes in "\u{0}\u{0}"
[2022-04-22T15:57:32Z ERROR mp4parse] Found 2 nul bytes in "\u{0}\u{0}"
[2022-04-22T15:57:32Z ERROR mp4parse] Found 2 nul bytes in "\u{0}\u{0}"
[2022-04-22T15:57:32Z ERROR mp4parse] Found 2 nul bytes in "\u{0}\u{0}"
[2022-04-22T15:57:40Z ERROR mp4parse] Found 2 nul bytes in "\u{0}\u{0}"
[2022-04-22T15:57:40Z ERROR mp4parse] Found 2 nul bytes in "\u{0}\u{0}"
[2022-04-22T15:57:40Z ERROR mp4parse] Found 2 nul bytes in "\u{0}\u{0}"
[2022-04-22T15:57:42Z ERROR mp4parse] Found 2 nul bytes in "\u{0}\u{0}"
[2022-04-22T15:57:50Z ERROR mp4parse] Found 2 nul bytes in "\u{0}\u{0}"
[2022-04-22T15:57:50Z ERROR mp4parse] Found 2 nul bytes in "\u{0}\u{0}"
[2022-04-22T15:57:50Z ERROR mp4parse] Found 2 nul bytes in "\u{0}\u{0}"
[2022-04-22T15:57:50Z ERROR mp4parse] Found 2 nul bytes in "\u{0}\u{0}"
[2022-04-22T15:58:12Z ERROR mp4parse] Found 2 nul bytes in "\u{0}\u{0}"
[2022-04-22T15:58:12Z ERROR mp4parse] Found 2 nul bytes in "\u{0}\u{0}"
[2022-04-22T15:58:12Z ERROR mp4parse] Found 2 nul bytes in "\u{0}\u{0}"
[2022-04-22T15:58:12Z ERROR mp4parse] Found 2 nul bytes in "\u{0}\u{0}"
[2022-04-22T15:58:19Z ERROR mp4parse] Found 2 nul bytes in "\u{0}\u{0}"
[2022-04-22T15:58:19Z ERROR mp4parse] Found 2 nul bytes in "\u{0}\u{0}"
[2022-04-22T15:58:19Z ERROR mp4parse] Found 2 nul bytes in "\u{0}\u{0}"
[2022-04-22T15:58:19Z ERROR mp4parse] Found 2 nul bytes in "\u{0}\u{0}"
[2022-04-22T15:58:25Z ERROR mp4parse] Found 2 nul bytes in "\u{0}\u{0}"
[2022-04-22T15:58:25Z ERROR mp4parse] Found 2 nul bytes in "\u{0}\u{0}"
[2022-04-22T15:58:25Z ERROR mp4parse] Found 2 nul bytes in "\u{0}\u{0}"
[2022-04-22T15:58:26Z ERROR mp4parse] Found 2 nul bytes in "\u{0}\u{0}"
[2022-04-22T15:59:38Z ERROR mp4parse] Found 2 nul bytes in "\u{0}\u{0}"
[2022-04-22T15:59:38Z ERROR mp4parse] Found 2 nul bytes in "\u{0}\u{0}"
[2022-04-22T15:59:38Z ERROR mp4parse] Found 2 nul bytes in "\u{0}\u{0}"
[2022-04-22T15:59:38Z ERROR mp4parse] Found 2 nul bytes in "\u{0}\u{0}"
[Child 9440, MediaDecoderStateMachine #1] WARNING: 131496900 Could not set cubeb stream name.: file /builds/worker/checkouts/gecko/dom/media/AudioStream.cpp:330
1650643248788	geckodriver	INFO	Listening on 127.0.0.1:57988
1650643249208	mozrunner::runner	INFO	Running command: "/Applications/Firefox.app/Contents/MacOS/firefox-bin" "--marionette" "--remote-debugging-port" "57989" "--remote-allow-hosts" "localhost" "-foreground" "-no-remote" "-profile" "/var/folders/ms/gfqhw9v15v55931yqg1_j3t80000gn/T/rust_mozprofile8J6el1"
1650643249497	Marionette	INFO	Marionette enabled
UNSUPPORTED (log once): POSSIBLE ISSUE: unit 1 GLD_TEXTURE_INDEX_2D is unloadable and bound to sampler type (Float) - using zero texture because texture unloadable
console.warn: SearchSettings: "get: No settings file exists, new profile?" (new NotFoundError("Could not open the file at /var/folders/ms/gfqhw9v15v55931yqg1_j3t80000gn/T/rust_mozprofile8J6el1/search.json.mozlz4", (void 0)))
console.error: BackgroundUpdate: 
  _reasonsToNotScheduleUpdates: Failed to check for Maintenance Service Registry Key: [Exception... "Component returned failure code: 0x80004001 (NS_ERROR_NOT_IMPLEMENTED) [nsIUpdateProcessor.getServiceRegKeyExists]"  nsresult: "0x80004001 (NS_ERROR_NOT_IMPLEMENTED)"  location: "JS frame :: resource://gre/modules/BackgroundUpdate.jsm :: _reasonsToNotScheduleUpdates :: line 241"  data: no]
DevTools listening on ws://localhost:57989/devtools/browser/935bc7b7-60ea-4199-9c5e-4318cb9c723a
1650643250555	Marionette	INFO	Listening on port 58005
Read port: 58005
1650643250665	RemoteAgent	WARN	TLS certificate errors will be ignored for this session
1650643251567	Marionette	WARN	Ignoring event 'pageshow' because document has an invalid readyState of 'uninitialized'.
[2022-04-22T16:00:52Z ERROR mp4parse] Found 2 nul bytes in "\u{0}\u{0}"
[2022-04-22T16:00:52Z ERROR mp4parse] Found 2 nul bytes in "\u{0}\u{0}"
[2022-04-22T16:00:52Z ERROR mp4parse] Found 2 nul bytes in "\u{0}\u{0}"
[2022-04-22T16:00:52Z ERROR mp4parse] Found 2 nul bytes in "\u{0}\u{0}"
[2022-04-22T16:01:48Z ERROR mp4parse] Found 2 nul bytes in "\u{0}\u{0}"
[2022-04-22T16:01:48Z ERROR mp4parse] Found 2 nul bytes in "\u{0}\u{0}"
[2022-04-22T16:01:48Z ERROR mp4parse] Found 2 nul bytes in "\u{0}\u{0}"
[2022-04-22T16:01:48Z ERROR mp4parse] Found 2 nul bytes in "\u{0}\u{0}"
[2022-04-22T16:02:56Z ERROR mp4parse] Found 2 nul bytes in "\u{0}\u{0}"
[2022-04-22T16:02:56Z ERROR mp4parse] Found 2 nul bytes in "\u{0}\u{0}"
[2022-04-22T16:02:56Z ERROR mp4parse] Found 2 nul bytes in "\u{0}\u{0}"
[2022-04-22T16:02:56Z ERROR mp4parse] Found 2 nul bytes in "\u{0}\u{0}"
[2022-04-22T16:03:58Z ERROR mp4parse] Found 2 nul bytes in "\u{0}\u{0}"
[2022-04-22T16:03:58Z ERROR mp4parse] Found 2 nul bytes in "\u{0}\u{0}"
[2022-04-22T16:03:58Z ERROR mp4parse] Found 2 nul bytes in "\u{0}\u{0}"
[2022-04-22T16:03:58Z ERROR mp4parse] Found 2 nul bytes in "\u{0}\u{0}"
[2022-04-22T16:04:43Z ERROR mp4parse] Found 2 nul bytes in "\u{0}\u{0}"
[2022-04-22T16:04:43Z ERROR mp4parse] Found 2 nul bytes in "\u{0}\u{0}"
[2022-04-22T16:04:43Z ERROR mp4parse] Found 2 nul bytes in "\u{0}\u{0}"
[2022-04-22T16:04:43Z ERROR mp4parse] Found 2 nul bytes in "\u{0}\u{0}"
[2022-04-22T16:05:49Z ERROR mp4parse] Found 2 nul bytes in "\u{0}\u{0}"
[2022-04-22T16:05:49Z ERROR mp4parse] Found 2 nul bytes in "\u{0}\u{0}"
[2022-04-22T16:05:49Z ERROR mp4parse] Found 2 nul bytes in "\u{0}\u{0}"
[2022-04-22T16:05:49Z ERROR mp4parse] Found 2 nul bytes in "\u{0}\u{0}"
[2022-04-22T16:06:33Z ERROR mp4parse] Found 2 nul bytes in "\u{0}\u{0}"
[2022-04-22T16:06:33Z ERROR mp4parse] Found 2 nul bytes in "\u{0}\u{0}"
[2022-04-22T16:06:33Z ERROR mp4parse] Found 2 nul bytes in "\u{0}\u{0}"
[2022-04-22T16:06:33Z ERROR mp4parse] Found 2 nul bytes in "\u{0}\u{0}"
[2022-04-22T16:07:17Z ERROR mp4parse] Found 2 nul bytes in "\u{0}\u{0}"
[2022-04-22T16:07:17Z ERROR mp4parse] Found 2 nul bytes in "\u{0}\u{0}"
[2022-04-22T16:07:17Z ERROR mp4parse] Found 2 nul bytes in "\u{0}\u{0}"
[2022-04-22T16:07:17Z ERROR mp4parse] Found 2 nul bytes in "\u{0}\u{0}"
1650647860870	Marionette	INFO	Stopped listening on port 58005
console.warn: TopSitesFeed: Failed to fetch data from Contile server: NetworkError when attempting to fetch resource.

###!!! [Parent][PImageBridgeParent] Error: RunMessage(msgname=PImageBridge::Msg_WillClose) Channel closing: too late to send/recv, messages will be lost

1650647860995	Marionette	INFO	Stopped listening on port 57677

###!!! [Parent][PContentParent] Error: Send(msgname=PContent::Reply_DiscardBrowsingContext) Closed channel: cannot send/recv


###!!! [Parent][PContentParent] Error: Send(msgname=PContent::Msg_DestroyBrowsingContextGroup) Closed channel: cannot send/recv


###!!! [Parent][PImageBridgeParent] Error: RunMessage(msgname=PImageBridge::Msg_WillClose) Channel closing: too late to send/recv, messages will be lost

1650647861096	Marionette	INFO	Stopped listening on port 57625
console.warn: TopSitesFeed: Failed to fetch data from Contile server: NetworkError when attempting to fetch resource.
1650647861173	Marionette	INFO	Stopped listening on port 57561
console.warn: TopSitesFeed: Failed to fetch data from Contile server: NetworkError when attempting to fetch resource.

###!!! [Parent][PImageBridgeParent] Error: RunMessage(msgname=PImageBridge::Msg_WillClose) Channel closing: too late to send/recv, messages will be lost

1650647861251	Marionette	INFO	Stopped listening on port 57507
console.warn: TopSitesFeed: Failed to fetch data from Contile server: NetworkError when attempting to fetch resource.

###!!! [Parent][PImageBridgeParent] Error: RunMessage(msgname=PImageBridge::Msg_WillClose) Channel closing: too late to send/recv, messages will be lost

1650647861330	Marionette	INFO	Stopped listening on port 57217
1650647861419	Marionette	INFO	Stopped listening on port 56972
console.warn: TopSitesFeed: Failed to fetch data from Contile server: NetworkError when attempting to fetch resource.
1656253128458	geckodriver	INFO	Listening on 127.0.0.1:50168
1656253128914	mozrunner::runner	INFO	Running command: "/Applications/Firefox.app/Contents/MacOS/firefox-bin" "--marionette" "--remote-debugging-port" "50169" "--remote-allow-hosts" "localhost" "-foreground" "-no-remote" "-profile" "/var/folders/ms/gfqhw9v15v55931yqg1_j3t80000gn/T/rust_mozprofileXEDSMT"
1656253129254	Marionette	INFO	Marionette enabled
UNSUPPORTED (log once): POSSIBLE ISSUE: unit 1 GLD_TEXTURE_INDEX_2D is unloadable and bound to sampler type (Float) - using zero texture because texture unloadable
console.warn: SearchSettings: "get: No settings file exists, new profile?" (new NotFoundError("Could not open the file at /var/folders/ms/gfqhw9v15v55931yqg1_j3t80000gn/T/rust_mozprofileXEDSMT/search.json.mozlz4", (void 0)))
console.error: BackgroundUpdate: 
  _reasonsToNotScheduleUpdates: Failed to check for Maintenance Service Registry Key: [Exception... "Component returned failure code: 0x80004001 (NS_ERROR_NOT_IMPLEMENTED) [nsIUpdateProcessor.getServiceRegKeyExists]"  nsresult: "0x80004001 (NS_ERROR_NOT_IMPLEMENTED)"  location: "JS frame :: resource://gre/modules/BackgroundUpdate.jsm :: _reasonsToNotScheduleUpdates :: line 241"  data: no]
DevTools listening on ws://localhost:50169/devtools/browser/f6c27de9-b86e-49b3-9359-58727aca73e4
1656253130517	Marionette	INFO	Listening on port 50188
Read port: 50188
1656253130607	RemoteAgent	WARN	TLS certificate errors will be ignored for this session
1656253131765	Marionette	WARN	Ignoring event 'pageshow' because document has an invalid readyState of 'uninitialized'.
[2022-06-26T14:18:51Z ERROR mp4parse] Found 2 nul bytes in "\u{0}\u{0}"
[2022-06-26T14:18:51Z ERROR mp4parse] Found 2 nul bytes in "\u{0}\u{0}"
[2022-06-26T14:18:51Z ERROR mp4parse] Found 2 nul bytes in "\u{0}\u{0}"
[2022-06-26T14:18:51Z ERROR mp4parse] Found 2 nul bytes in "\u{0}\u{0}"
[2022-06-26T14:19:45Z ERROR mp4parse] Found 2 nul bytes in "\u{0}\u{0}"
[2022-06-26T14:19:45Z ERROR mp4parse] Found 2 nul bytes in "\u{0}\u{0}"
[2022-06-26T14:19:45Z ERROR mp4parse] Found 2 nul bytes in "\u{0}\u{0}"
[2022-06-26T14:19:45Z ERROR mp4parse] Found 2 nul bytes in "\u{0}\u{0}"
[2022-06-26T14:20:52Z ERROR mp4parse] Found 2 nul bytes in "\u{0}\u{0}"
[2022-06-26T14:20:52Z ERROR mp4parse] Found 2 nul bytes in "\u{0}\u{0}"
[2022-06-26T14:20:52Z ERROR mp4parse] Found 2 nul bytes in "\u{0}\u{0}"
[2022-06-26T14:20:52Z ERROR mp4parse] Found 2 nul bytes in "\u{0}\u{0}"
[2022-06-26T14:21:26Z ERROR mp4parse] Found 2 nul bytes in "\u{0}\u{0}"
[2022-06-26T14:21:26Z ERROR mp4parse] Found 2 nul bytes in "\u{0}\u{0}"
[2022-06-26T14:21:26Z ERROR mp4parse] Found 2 nul bytes in "\u{0}\u{0}"
[2022-06-26T14:21:26Z ERROR mp4parse] Found 2 nul bytes in "\u{0}\u{0}"
[2022-06-26T14:21:40Z ERROR mp4parse] Found 2 nul bytes in "\u{0}\u{0}"
[2022-06-26T14:21:40Z ERROR mp4parse] Found 2 nul bytes in "\u{0}\u{0}"
[2022-06-26T14:21:40Z ERROR mp4parse] Found 2 nul bytes in "\u{0}\u{0}"
[2022-06-26T14:21:41Z ERROR mp4parse] Found 2 nul bytes in "\u{0}\u{0}"
[2022-06-26T14:21:46Z ERROR mp4parse] Found 2 nul bytes in "\u{0}\u{0}"
[2022-06-26T14:21:46Z ERROR mp4parse] Found 2 nul bytes in "\u{0}\u{0}"
[2022-06-26T14:21:46Z ERROR mp4parse] Found 2 nul bytes in "\u{0}\u{0}"
[2022-06-26T14:21:46Z ERROR mp4parse] Found 2 nul bytes in "\u{0}\u{0}"
[2022-06-26T14:21:52Z ERROR mp4parse] Found 2 nul bytes in "\u{0}\u{0}"
[2022-06-26T14:21:52Z ERROR mp4parse] Found 2 nul bytes in "\u{0}\u{0}"
[2022-06-26T14:21:52Z ERROR mp4parse] Found 2 nul bytes in "\u{0}\u{0}"
[2022-06-26T14:21:52Z ERROR mp4parse] Found 2 nul bytes in "\u{0}\u{0}"
[2022-06-26T14:21:58Z ERROR mp4parse] Found 2 nul bytes in "\u{0}\u{0}"
[2022-06-26T14:21:58Z ERROR mp4parse] Found 2 nul bytes in "\u{0}\u{0}"
[2022-06-26T14:21:58Z ERROR mp4parse] Found 2 nul bytes in "\u{0}\u{0}"
[2022-06-26T14:21:58Z ERROR mp4parse] Found 2 nul bytes in "\u{0}\u{0}"
1656253807049	geckodriver	INFO	Listening on 127.0.0.1:50619
1656253807466	mozrunner::runner	INFO	Running command: "/Applications/Firefox.app/Contents/MacOS/firefox-bin" "--marionette" "--remote-debugging-port" "50620" "--remote-allow-hosts" "localhost" "-foreground" "-no-remote" "-profile" "/var/folders/ms/gfqhw9v15v55931yqg1_j3t80000gn/T/rust_mozprofileJfZfPH"
1656253807688	Marionette	INFO	Marionette enabled
UNSUPPORTED (log once): POSSIBLE ISSUE: unit 1 GLD_TEXTURE_INDEX_2D is unloadable and bound to sampler type (Float) - using zero texture because texture unloadable
console.warn: SearchSettings: "get: No settings file exists, new profile?" (new NotFoundError("Could not open the file at /var/folders/ms/gfqhw9v15v55931yqg1_j3t80000gn/T/rust_mozprofileJfZfPH/search.json.mozlz4", (void 0)))
console.error: BackgroundUpdate: 
  _reasonsToNotScheduleUpdates: Failed to check for Maintenance Service Registry Key: [Exception... "Component returned failure code: 0x80004001 (NS_ERROR_NOT_IMPLEMENTED) [nsIUpdateProcessor.getServiceRegKeyExists]"  nsresult: "0x80004001 (NS_ERROR_NOT_IMPLEMENTED)"  location: "JS frame :: resource://gre/modules/BackgroundUpdate.jsm :: _reasonsToNotScheduleUpdates :: line 241"  data: no]
DevTools listening on ws://localhost:50620/devtools/browser/ff6ba754-5fde-442a-bbf6-dc4f57eb6963
1656253808619	Marionette	INFO	Listening on port 50636
Read port: 50636
1656253808731	RemoteAgent	WARN	TLS certificate errors will be ignored for this session
1656253809793	Marionette	WARN	Ignoring event 'pageshow' because document has an invalid readyState of 'uninitialized'.
[2022-06-26T14:30:09Z ERROR mp4parse] Found 2 nul bytes in "\u{0}\u{0}"
[2022-06-26T14:30:09Z ERROR mp4parse] Found 2 nul bytes in "\u{0}\u{0}"
[2022-06-26T14:30:09Z ERROR mp4parse] Found 2 nul bytes in "\u{0}\u{0}"
[2022-06-26T14:30:09Z ERROR mp4parse] Found 2 nul bytes in "\u{0}\u{0}"
[2022-06-26T14:31:02Z ERROR mp4parse] Found 2 nul bytes in "\u{0}\u{0}"
[2022-06-26T14:31:02Z ERROR mp4parse] Found 2 nul bytes in "\u{0}\u{0}"
[2022-06-26T14:31:02Z ERROR mp4parse] Found 2 nul bytes in "\u{0}\u{0}"
[2022-06-26T14:31:02Z ERROR mp4parse] Found 2 nul bytes in "\u{0}\u{0}"
[2022-06-26T14:32:10Z ERROR mp4parse] Found 2 nul bytes in "\u{0}\u{0}"
[2022-06-26T14:32:10Z ERROR mp4parse] Found 2 nul bytes in "\u{0}\u{0}"
[2022-06-26T14:32:10Z ERROR mp4parse] Found 2 nul bytes in "\u{0}\u{0}"
[2022-06-26T14:32:10Z ERROR mp4parse] Found 2 nul bytes in "\u{0}\u{0}"
[2022-06-26T14:33:04Z ERROR mp4parse] Found 2 nul bytes in "\u{0}\u{0}"
[2022-06-26T14:33:04Z ERROR mp4parse] Found 2 nul bytes in "\u{0}\u{0}"
[2022-06-26T14:33:04Z ERROR mp4parse] Found 2 nul bytes in "\u{0}\u{0}"
[2022-06-26T14:33:04Z ERROR mp4parse] Found 2 nul bytes in "\u{0}\u{0}"
[2022-06-26T14:33:23Z ERROR mp4parse] Found 2 nul bytes in "\u{0}\u{0}"
[2022-06-26T14:33:23Z ERROR mp4parse] Found 2 nul bytes in "\u{0}\u{0}"
[2022-06-26T14:33:23Z ERROR mp4parse] Found 2 nul bytes in "\u{0}\u{0}"
[2022-06-26T14:33:23Z ERROR mp4parse] Found 2 nul bytes in "\u{0}\u{0}"
[2022-06-26T14:33:52Z ERROR mp4parse] Found 2 nul bytes in "\u{0}\u{0}"
[2022-06-26T14:33:52Z ERROR mp4parse] Found 2 nul bytes in "\u{0}\u{0}"
[2022-06-26T14:33:52Z ERROR mp4parse] Found 2 nul bytes in "\u{0}\u{0}"
[2022-06-26T14:33:52Z ERROR mp4parse] Found 2 nul bytes in "\u{0}\u{0}"
[2022-06-26T14:34:16Z ERROR mp4parse] Found 2 nul bytes in "\u{0}\u{0}"
[2022-06-26T14:34:16Z ERROR mp4parse] Found 2 nul bytes in "\u{0}\u{0}"
[2022-06-26T14:34:16Z ERROR mp4parse] Found 2 nul bytes in "\u{0}\u{0}"
[2022-06-26T14:34:16Z ERROR mp4parse] Found 2 nul bytes in "\u{0}\u{0}"
[2022-06-26T14:34:42Z ERROR mp4parse] Found 2 nul bytes in "\u{0}\u{0}"
[2022-06-26T14:34:42Z ERROR mp4parse] Found 2 nul bytes in "\u{0}\u{0}"
[2022-06-26T14:34:42Z ERROR mp4parse] Found 2 nul bytes in "\u{0}\u{0}"
[2022-06-26T14:34:42Z ERROR mp4parse] Found 2 nul bytes in "\u{0}\u{0}"
1656257863988	geckodriver	INFO	Listening on 127.0.0.1:53040
1656257864413	mozrunner::runner	INFO	Running command: "/Applications/Firefox.app/Contents/MacOS/firefox-bin" "--marionette" "--remote-debugging-port" "53041" "--remote-allow-hosts" "localhost" "-foreground" "-no-remote" "-profile" "/var/folders/ms/gfqhw9v15v55931yqg1_j3t80000gn/T/rust_mozprofileZ7ByIv"
1656257864661	Marionette	INFO	Marionette enabled
UNSUPPORTED (log once): POSSIBLE ISSUE: unit 1 GLD_TEXTURE_INDEX_2D is unloadable and bound to sampler type (Float) - using zero texture because texture unloadable
console.warn: SearchSettings: "get: No settings file exists, new profile?" (new NotFoundError("Could not open the file at /var/folders/ms/gfqhw9v15v55931yqg1_j3t80000gn/T/rust_mozprofileZ7ByIv/search.json.mozlz4", (void 0)))
console.error: BackgroundUpdate: 
  _reasonsToNotScheduleUpdates: Failed to check for Maintenance Service Registry Key: [Exception... "Component returned failure code: 0x80004001 (NS_ERROR_NOT_IMPLEMENTED) [nsIUpdateProcessor.getServiceRegKeyExists]"  nsresult: "0x80004001 (NS_ERROR_NOT_IMPLEMENTED)"  location: "JS frame :: resource://gre/modules/BackgroundUpdate.jsm :: _reasonsToNotScheduleUpdates :: line 241"  data: no]
DevTools listening on ws://localhost:53041/devtools/browser/306552c3-cb56-4b56-9002-f051ae077b28
1656257865694	Marionette	INFO	Listening on port 53058
Read port: 53058
1656257865791	RemoteAgent	WARN	TLS certificate errors will be ignored for this session
1656257866815	Marionette	WARN	Ignoring event 'pageshow' because document has an invalid readyState of 'uninitialized'.
[2022-06-26T15:37:46Z ERROR mp4parse] Found 2 nul bytes in "\u{0}\u{0}"
[2022-06-26T15:37:46Z ERROR mp4parse] Found 2 nul bytes in "\u{0}\u{0}"
[2022-06-26T15:37:47Z ERROR mp4parse] Found 2 nul bytes in "\u{0}\u{0}"
[2022-06-26T15:37:47Z ERROR mp4parse] Found 2 nul bytes in "\u{0}\u{0}"
[2022-06-26T15:38:22Z ERROR mp4parse] Found 2 nul bytes in "\u{0}\u{0}"
[2022-06-26T15:38:22Z ERROR mp4parse] Found 2 nul bytes in "\u{0}\u{0}"
[2022-06-26T15:38:22Z ERROR mp4parse] Found 2 nul bytes in "\u{0}\u{0}"
[2022-06-26T15:38:22Z ERROR mp4parse] Found 2 nul bytes in "\u{0}\u{0}"
[2022-06-26T15:38:48Z ERROR mp4parse] Found 2 nul bytes in "\u{0}\u{0}"
[2022-06-26T15:38:48Z ERROR mp4parse] Found 2 nul bytes in "\u{0}\u{0}"
[2022-06-26T15:38:48Z ERROR mp4parse] Found 2 nul bytes in "\u{0}\u{0}"
[2022-06-26T15:38:48Z ERROR mp4parse] Found 2 nul bytes in "\u{0}\u{0}"
[2022-06-26T15:39:07Z ERROR mp4parse] Found 2 nul bytes in "\u{0}\u{0}"
[2022-06-26T15:39:07Z ERROR mp4parse] Found 2 nul bytes in "\u{0}\u{0}"
[2022-06-26T15:39:07Z ERROR mp4parse] Found 2 nul bytes in "\u{0}\u{0}"
[2022-06-26T15:39:07Z ERROR mp4parse] Found 2 nul bytes in "\u{0}\u{0}"
[2022-06-26T15:39:33Z ERROR mp4parse] Found 2 nul bytes in "\u{0}\u{0}"
[2022-06-26T15:39:33Z ERROR mp4parse] Found 2 nul bytes in "\u{0}\u{0}"
[2022-06-26T15:39:33Z ERROR mp4parse] Found 2 nul bytes in "\u{0}\u{0}"
[2022-06-26T15:39:33Z ERROR mp4parse] Found 2 nul bytes in "\u{0}\u{0}"
[2022-06-26T15:39:39Z ERROR mp4parse] Found 2 nul bytes in "\u{0}\u{0}"
[2022-06-26T15:39:39Z ERROR mp4parse] Found 2 nul bytes in "\u{0}\u{0}"
[2022-06-26T15:39:39Z ERROR mp4parse] Found 2 nul bytes in "\u{0}\u{0}"
[2022-06-26T15:39:39Z ERROR mp4parse] Found 2 nul bytes in "\u{0}\u{0}"
[2022-06-26T15:39:44Z ERROR mp4parse] Found 2 nul bytes in "\u{0}\u{0}"
[2022-06-26T15:39:44Z ERROR mp4parse] Found 2 nul bytes in "\u{0}\u{0}"
[2022-06-26T15:39:44Z ERROR mp4parse] Found 2 nul bytes in "\u{0}\u{0}"
[2022-06-26T15:39:44Z ERROR mp4parse] Found 2 nul bytes in "\u{0}\u{0}"
[2022-06-26T15:39:50Z ERROR mp4parse] Found 2 nul bytes in "\u{0}\u{0}"
[2022-06-26T15:39:50Z ERROR mp4parse] Found 2 nul bytes in "\u{0}\u{0}"
[2022-06-26T15:39:50Z ERROR mp4parse] Found 2 nul bytes in "\u{0}\u{0}"
[2022-06-26T15:39:50Z ERROR mp4parse] Found 2 nul bytes in "\u{0}\u{0}"
1656258186507	geckodriver	INFO	Listening on 127.0.0.1:53295
1656258186924	mozrunner::runner	INFO	Running command: "/Applications/Firefox.app/Contents/MacOS/firefox-bin" "--marionette" "--remote-debugging-port" "53296" "--remote-allow-hosts" "localhost" "-foreground" "-no-remote" "-profile" "/var/folders/ms/gfqhw9v15v55931yqg1_j3t80000gn/T/rust_mozprofileOHVP91"
1656258187141	Marionette	INFO	Marionette enabled
UNSUPPORTED (log once): POSSIBLE ISSUE: unit 1 GLD_TEXTURE_INDEX_2D is unloadable and bound to sampler type (Float) - using zero texture because texture unloadable
console.warn: SearchSettings: "get: No settings file exists, new profile?" (new NotFoundError("Could not open the file at /var/folders/ms/gfqhw9v15v55931yqg1_j3t80000gn/T/rust_mozprofileOHVP91/search.json.mozlz4", (void 0)))
console.error: BackgroundUpdate: 
  _reasonsToNotScheduleUpdates: Failed to check for Maintenance Service Registry Key: [Exception... "Component returned failure code: 0x80004001 (NS_ERROR_NOT_IMPLEMENTED) [nsIUpdateProcessor.getServiceRegKeyExists]"  nsresult: "0x80004001 (NS_ERROR_NOT_IMPLEMENTED)"  location: "JS frame :: resource://gre/modules/BackgroundUpdate.jsm :: _reasonsToNotScheduleUpdates :: line 241"  data: no]
DevTools listening on ws://localhost:53296/devtools/browser/43d3713a-5d71-4508-aa4e-901822a9667f
1656258188073	Marionette	INFO	Listening on port 53315
Read port: 53315
1656258188181	RemoteAgent	WARN	TLS certificate errors will be ignored for this session
1656258189349	Marionette	WARN	Ignoring event 'pageshow' because document has an invalid readyState of 'uninitialized'.
[2022-06-26T15:43:09Z ERROR mp4parse] Found 2 nul bytes in "\u{0}\u{0}"
[2022-06-26T15:43:09Z ERROR mp4parse] Found 2 nul bytes in "\u{0}\u{0}"
[2022-06-26T15:43:09Z ERROR mp4parse] Found 2 nul bytes in "\u{0}\u{0}"
[2022-06-26T15:43:09Z ERROR mp4parse] Found 2 nul bytes in "\u{0}\u{0}"
[2022-06-26T15:44:02Z ERROR mp4parse] Found 2 nul bytes in "\u{0}\u{0}"
[2022-06-26T15:44:02Z ERROR mp4parse] Found 2 nul bytes in "\u{0}\u{0}"
[2022-06-26T15:44:02Z ERROR mp4parse] Found 2 nul bytes in "\u{0}\u{0}"
[2022-06-26T15:44:02Z ERROR mp4parse] Found 2 nul bytes in "\u{0}\u{0}"
[2022-06-26T15:45:09Z ERROR mp4parse] Found 2 nul bytes in "\u{0}\u{0}"
[2022-06-26T15:45:09Z ERROR mp4parse] Found 2 nul bytes in "\u{0}\u{0}"
[2022-06-26T15:45:09Z ERROR mp4parse] Found 2 nul bytes in "\u{0}\u{0}"
[2022-06-26T15:45:09Z ERROR mp4parse] Found 2 nul bytes in "\u{0}\u{0}"
[2022-06-26T15:45:19Z ERROR mp4parse] Found 2 nul bytes in "\u{0}\u{0}"
[2022-06-26T15:45:19Z ERROR mp4parse] Found 2 nul bytes in "\u{0}\u{0}"
[2022-06-26T15:45:19Z ERROR mp4parse] Found 2 nul bytes in "\u{0}\u{0}"
[2022-06-26T15:45:19Z ERROR mp4parse] Found 2 nul bytes in "\u{0}\u{0}"
[2022-06-26T15:46:16Z ERROR mp4parse] Found 2 nul bytes in "\u{0}\u{0}"
[2022-06-26T15:46:16Z ERROR mp4parse] Found 2 nul bytes in "\u{0}\u{0}"
[2022-06-26T15:46:16Z ERROR mp4parse] Found 2 nul bytes in "\u{0}\u{0}"
[2022-06-26T15:46:16Z ERROR mp4parse] Found 2 nul bytes in "\u{0}\u{0}"
[2022-06-26T15:47:19Z ERROR mp4parse] Found 2 nul bytes in "\u{0}\u{0}"
[2022-06-26T15:47:19Z ERROR mp4parse] Found 2 nul bytes in "\u{0}\u{0}"
[2022-06-26T15:47:19Z ERROR mp4parse] Found 2 nul bytes in "\u{0}\u{0}"
[2022-06-26T15:47:19Z ERROR mp4parse] Found 2 nul bytes in "\u{0}\u{0}"
[2022-06-26T15:48:03Z ERROR mp4parse] Found 2 nul bytes in "\u{0}\u{0}"
[2022-06-26T15:48:03Z ERROR mp4parse] Found 2 nul bytes in "\u{0}\u{0}"
[2022-06-26T15:48:03Z ERROR mp4parse] Found 2 nul bytes in "\u{0}\u{0}"
[2022-06-26T15:48:03Z ERROR mp4parse] Found 2 nul bytes in "\u{0}\u{0}"
[2022-06-26T15:48:49Z ERROR mp4parse] Found 2 nul bytes in "\u{0}\u{0}"
[2022-06-26T15:48:49Z ERROR mp4parse] Found 2 nul bytes in "\u{0}\u{0}"
[2022-06-26T15:48:49Z ERROR mp4parse] Found 2 nul bytes in "\u{0}\u{0}"
[2022-06-26T15:48:49Z ERROR mp4parse] Found 2 nul bytes in "\u{0}\u{0}"
[2022-06-26T15:49:35Z ERROR mp4parse] Found 2 nul bytes in "\u{0}\u{0}"
[2022-06-26T15:49:35Z ERROR mp4parse] Found 2 nul bytes in "\u{0}\u{0}"
[2022-06-26T15:49:35Z ERROR mp4parse] Found 2 nul bytes in "\u{0}\u{0}"
[2022-06-26T15:49:35Z ERROR mp4parse] Found 2 nul bytes in "\u{0}\u{0}"
[2022-06-26T15:49:49Z ERROR mp4parse] Found 2 nul bytes in "\u{0}\u{0}"
[2022-06-26T15:49:49Z ERROR mp4parse] Found 2 nul bytes in "\u{0}\u{0}"
[2022-06-26T15:49:49Z ERROR mp4parse] Found 2 nul bytes in "\u{0}\u{0}"
[2022-06-26T15:49:49Z ERROR mp4parse] Found 2 nul bytes in "\u{0}\u{0}"
[2022-06-26T15:51:28Z ERROR mp4parse] Found 2 nul bytes in "\u{0}\u{0}"
[2022-06-26T15:51:28Z ERROR mp4parse] Found 2 nul bytes in "\u{0}\u{0}"
[2022-06-26T15:51:28Z ERROR mp4parse] Found 2 nul bytes in "\u{0}\u{0}"
[2022-06-26T15:51:28Z ERROR mp4parse] Found 2 nul bytes in "\u{0}\u{0}"
1656261123802	Marionette	INFO	Stopped listening on port 53315
console.warn: TopSitesFeed: Failed to fetch data from Contile server: NetworkError when attempting to fetch resource.

###!!! [Parent][PImageBridgeParent] Error: RunMessage(msgname=PImageBridge::Msg_WillClose) Channel closing: too late to send/recv, messages will be lost

1656261123923	Marionette	INFO	Stopped listening on port 53058
console.warn: TopSitesFeed: Failed to fetch data from Contile server: NetworkError when attempting to fetch resource.

###!!! [Parent][PImageBridgeParent] Error: RunMessage(msgname=PImageBridge::Msg_WillClose) Channel closing: too late to send/recv, messages will be lost

1656261125082	Marionette	INFO	Stopped listening on port 50636
console.warn: TopSitesFeed: Failed to fetch data from Contile server: NetworkError when attempting to fetch resource.

###!!! [Parent][PImageBridgeParent] Error: RunMessage(msgname=PImageBridge::Msg_WillClose) Channel closing: too late to send/recv, messages will be lost

1656261125201	Marionette	INFO	Stopped listening on port 50188
console.warn: TopSitesFeed: Failed to fetch data from Contile server: NetworkError when attempting to fetch resource.

###!!! [Parent][PImageBridgeParent] Error: RunMessage(msgname=PImageBridge::Msg_WillClose) Channel closing: too late to send/recv, messages will be lost

1656338462295	geckodriver	INFO	Listening on 127.0.0.1:58671
1656338462724	mozrunner::runner	INFO	Running command: "/Applications/Firefox.app/Contents/MacOS/firefox-bin" "--marionette" "--remote-debugging-port" "58672" "--remote-allow-hosts" "localhost" "-foreground" "-no-remote" "-profile" "/var/folders/ms/gfqhw9v15v55931yqg1_j3t80000gn/T/rust_mozprofileak7VLv"
1656338462996	Marionette	INFO	Marionette enabled
UNSUPPORTED (log once): POSSIBLE ISSUE: unit 1 GLD_TEXTURE_INDEX_2D is unloadable and bound to sampler type (Float) - using zero texture because texture unloadable
console.warn: SearchSettings: "get: No settings file exists, new profile?" (new NotFoundError("Could not open the file at /var/folders/ms/gfqhw9v15v55931yqg1_j3t80000gn/T/rust_mozprofileak7VLv/search.json.mozlz4", (void 0)))
console.error: BackgroundUpdate: 
  _reasonsToNotScheduleUpdates: Failed to check for Maintenance Service Registry Key: [Exception... "Component returned failure code: 0x80004001 (NS_ERROR_NOT_IMPLEMENTED) [nsIUpdateProcessor.getServiceRegKeyExists]"  nsresult: "0x80004001 (NS_ERROR_NOT_IMPLEMENTED)"  location: "JS frame :: resource://gre/modules/BackgroundUpdate.jsm :: _reasonsToNotScheduleUpdates :: line 241"  data: no]
DevTools listening on ws://localhost:58672/devtools/browser/648913ed-4843-4aa6-8ff9-9b216bdcd499
1656338463844	Marionette	INFO	Listening on port 58688
Read port: 58688
1656338463883	RemoteAgent	WARN	TLS certificate errors will be ignored for this session
1656338465807	Marionette	WARN	Ignoring event 'pageshow' because document has an invalid readyState of 'uninitialized'.
[2022-06-27T14:01:05Z ERROR mp4parse] Found 2 nul bytes in "\u{0}\u{0}"
[2022-06-27T14:01:05Z ERROR mp4parse] Found 2 nul bytes in "\u{0}\u{0}"
[2022-06-27T14:01:05Z ERROR mp4parse] Found 2 nul bytes in "\u{0}\u{0}"
[2022-06-27T14:01:05Z ERROR mp4parse] Found 2 nul bytes in "\u{0}\u{0}"
[2022-06-27T14:01:34Z ERROR mp4parse] Found 2 nul bytes in "\u{0}\u{0}"
[2022-06-27T14:01:34Z ERROR mp4parse] Found 2 nul bytes in "\u{0}\u{0}"
[2022-06-27T14:01:34Z ERROR mp4parse] Found 2 nul bytes in "\u{0}\u{0}"
[2022-06-27T14:01:34Z ERROR mp4parse] Found 2 nul bytes in "\u{0}\u{0}"
[2022-06-27T14:01:42Z ERROR mp4parse] Found 2 nul bytes in "\u{0}\u{0}"
[2022-06-27T14:01:42Z ERROR mp4parse] Found 2 nul bytes in "\u{0}\u{0}"
[2022-06-27T14:01:42Z ERROR mp4parse] Found 2 nul bytes in "\u{0}\u{0}"
[2022-06-27T14:01:42Z ERROR mp4parse] Found 2 nul bytes in "\u{0}\u{0}"
[2022-06-27T14:02:10Z ERROR mp4parse] Found 2 nul bytes in "\u{0}\u{0}"
[2022-06-27T14:02:10Z ERROR mp4parse] Found 2 nul bytes in "\u{0}\u{0}"
[2022-06-27T14:02:10Z ERROR mp4parse] Found 2 nul bytes in "\u{0}\u{0}"
[2022-06-27T14:02:10Z ERROR mp4parse] Found 2 nul bytes in "\u{0}\u{0}"
[2022-06-27T14:02:35Z ERROR mp4parse] Found 2 nul bytes in "\u{0}\u{0}"
[2022-06-27T14:02:35Z ERROR mp4parse] Found 2 nul bytes in "\u{0}\u{0}"
[2022-06-27T14:02:35Z ERROR mp4parse] Found 2 nul bytes in "\u{0}\u{0}"
[2022-06-27T14:02:35Z ERROR mp4parse] Found 2 nul bytes in "\u{0}\u{0}"
[2022-06-27T14:02:40Z ERROR mp4parse] Found 2 nul bytes in "\u{0}\u{0}"
[2022-06-27T14:02:40Z ERROR mp4parse] Found 2 nul bytes in "\u{0}\u{0}"
[2022-06-27T14:02:40Z ERROR mp4parse] Found 2 nul bytes in "\u{0}\u{0}"
[2022-06-27T14:02:40Z ERROR mp4parse] Found 2 nul bytes in "\u{0}\u{0}"
[2022-06-27T14:02:46Z ERROR mp4parse] Found 2 nul bytes in "\u{0}\u{0}"
[2022-06-27T14:02:46Z ERROR mp4parse] Found 2 nul bytes in "\u{0}\u{0}"
[2022-06-27T14:02:46Z ERROR mp4parse] Found 2 nul bytes in "\u{0}\u{0}"
[2022-06-27T14:02:46Z ERROR mp4parse] Found 2 nul bytes in "\u{0}\u{0}"
[2022-06-27T14:02:54Z ERROR mp4parse] Found 2 nul bytes in "\u{0}\u{0}"
[2022-06-27T14:02:54Z ERROR mp4parse] Found 2 nul bytes in "\u{0}\u{0}"
[2022-06-27T14:02:54Z ERROR mp4parse] Found 2 nul bytes in "\u{0}\u{0}"
[2022-06-27T14:02:54Z ERROR mp4parse] Found 2 nul bytes in "\u{0}\u{0}"
[2022-06-27T14:03:22Z ERROR mp4parse] Found 2 nul bytes in "\u{0}\u{0}"
[2022-06-27T14:03:22Z ERROR mp4parse] Found 2 nul bytes in "\u{0}\u{0}"
[2022-06-27T14:03:22Z ERROR mp4parse] Found 2 nul bytes in "\u{0}\u{0}"
[2022-06-27T14:03:22Z ERROR mp4parse] Found 2 nul bytes in "\u{0}\u{0}"
[2022-06-27T14:03:28Z ERROR mp4parse] Found 2 nul bytes in "\u{0}\u{0}"
[2022-06-27T14:03:28Z ERROR mp4parse] Found 2 nul bytes in "\u{0}\u{0}"
[2022-06-27T14:03:28Z ERROR mp4parse] Found 2 nul bytes in "\u{0}\u{0}"
[2022-06-27T14:03:28Z ERROR mp4parse] Found 2 nul bytes in "\u{0}\u{0}"
[2022-06-27T14:03:36Z ERROR mp4parse] Found 2 nul bytes in "\u{0}\u{0}"
[2022-06-27T14:03:36Z ERROR mp4parse] Found 2 nul bytes in "\u{0}\u{0}"
[2022-06-27T14:03:36Z ERROR mp4parse] Found 2 nul bytes in "\u{0}\u{0}"
[2022-06-27T14:03:36Z ERROR mp4parse] Found 2 nul bytes in "\u{0}\u{0}"
1656339039050	geckodriver	INFO	Listening on 127.0.0.1:58957
1656339039484	mozrunner::runner	INFO	Running command: "/Applications/Firefox.app/Contents/MacOS/firefox-bin" "--marionette" "--remote-debugging-port" "58958" "--remote-allow-hosts" "localhost" "-foreground" "-no-remote" "-profile" "/var/folders/ms/gfqhw9v15v55931yqg1_j3t80000gn/T/rust_mozprofileQBh3HC"
1656339039709	Marionette	INFO	Marionette enabled
UNSUPPORTED (log once): POSSIBLE ISSUE: unit 1 GLD_TEXTURE_INDEX_2D is unloadable and bound to sampler type (Float) - using zero texture because texture unloadable
console.warn: SearchSettings: "get: No settings file exists, new profile?" (new NotFoundError("Could not open the file at /var/folders/ms/gfqhw9v15v55931yqg1_j3t80000gn/T/rust_mozprofileQBh3HC/search.json.mozlz4", (void 0)))
console.error: BackgroundUpdate: 
  _reasonsToNotScheduleUpdates: Failed to check for Maintenance Service Registry Key: [Exception... "Component returned failure code: 0x80004001 (NS_ERROR_NOT_IMPLEMENTED) [nsIUpdateProcessor.getServiceRegKeyExists]"  nsresult: "0x80004001 (NS_ERROR_NOT_IMPLEMENTED)"  location: "JS frame :: resource://gre/modules/BackgroundUpdate.jsm :: _reasonsToNotScheduleUpdates :: line 241"  data: no]
DevTools listening on ws://localhost:58958/devtools/browser/c8df5274-785f-4677-9db7-6837b0d25c00
1656339040446	Marionette	INFO	Listening on port 58974
Read port: 58974
1656339040533	RemoteAgent	WARN	TLS certificate errors will be ignored for this session
1656339042083	Marionette	WARN	Ignoring event 'pageshow' because document has an invalid readyState of 'uninitialized'.
[2022-06-27T14:10:42Z ERROR mp4parse] Found 2 nul bytes in "\u{0}\u{0}"
[2022-06-27T14:10:42Z ERROR mp4parse] Found 2 nul bytes in "\u{0}\u{0}"
[2022-06-27T14:10:42Z ERROR mp4parse] Found 2 nul bytes in "\u{0}\u{0}"
[2022-06-27T14:10:42Z ERROR mp4parse] Found 2 nul bytes in "\u{0}\u{0}"
[2022-06-27T14:10:54Z ERROR mp4parse] Found 2 nul bytes in "\u{0}\u{0}"
[2022-06-27T14:10:54Z ERROR mp4parse] Found 2 nul bytes in "\u{0}\u{0}"
[2022-06-27T14:10:54Z ERROR mp4parse] Found 2 nul bytes in "\u{0}\u{0}"
[2022-06-27T14:10:54Z ERROR mp4parse] Found 2 nul bytes in "\u{0}\u{0}"
[2022-06-27T14:11:09Z ERROR mp4parse] Found 2 nul bytes in "\u{0}\u{0}"
[2022-06-27T14:11:09Z ERROR mp4parse] Found 2 nul bytes in "\u{0}\u{0}"
[2022-06-27T14:11:09Z ERROR mp4parse] Found 2 nul bytes in "\u{0}\u{0}"
[2022-06-27T14:11:09Z ERROR mp4parse] Found 2 nul bytes in "\u{0}\u{0}"
Exiting due to channel error.
Exiting due to channel error.
Exiting due to channel error.
1656339090873	geckodriver	INFO	Listening on 127.0.0.1:59037
1656339091299	mozrunner::runner	INFO	Running command: "/Applications/Firefox.app/Contents/MacOS/firefox-bin" "--marionette" "--remote-debugging-port" "59038" "--remote-allow-hosts" "localhost" "-foreground" "-no-remote" "-profile" "/var/folders/ms/gfqhw9v15v55931yqg1_j3t80000gn/T/rust_mozprofileDaG4Rb"
1656339091524	Marionette	INFO	Marionette enabled
UNSUPPORTED (log once): POSSIBLE ISSUE: unit 1 GLD_TEXTURE_INDEX_2D is unloadable and bound to sampler type (Float) - using zero texture because texture unloadable
console.warn: SearchSettings: "get: No settings file exists, new profile?" (new NotFoundError("Could not open the file at /var/folders/ms/gfqhw9v15v55931yqg1_j3t80000gn/T/rust_mozprofileDaG4Rb/search.json.mozlz4", (void 0)))
console.error: BackgroundUpdate: 
  _reasonsToNotScheduleUpdates: Failed to check for Maintenance Service Registry Key: [Exception... "Component returned failure code: 0x80004001 (NS_ERROR_NOT_IMPLEMENTED) [nsIUpdateProcessor.getServiceRegKeyExists]"  nsresult: "0x80004001 (NS_ERROR_NOT_IMPLEMENTED)"  location: "JS frame :: resource://gre/modules/BackgroundUpdate.jsm :: _reasonsToNotScheduleUpdates :: line 241"  data: no]
DevTools listening on ws://localhost:59038/devtools/browser/00560bb3-c021-41a9-a118-57ecd76807d8
1656339092237	Marionette	INFO	Listening on port 59054
Read port: 59054
1656339092247	RemoteAgent	WARN	TLS certificate errors will be ignored for this session
1656339094164	Marionette	WARN	Ignoring event 'pageshow' because document has an invalid readyState of 'uninitialized'.
[2022-06-27T14:11:34Z ERROR mp4parse] Found 2 nul bytes in "\u{0}\u{0}"
[2022-06-27T14:11:34Z ERROR mp4parse] Found 2 nul bytes in "\u{0}\u{0}"
[2022-06-27T14:11:34Z ERROR mp4parse] Found 2 nul bytes in "\u{0}\u{0}"
[2022-06-27T14:11:34Z ERROR mp4parse] Found 2 nul bytes in "\u{0}\u{0}"
[2022-06-27T14:11:43Z ERROR mp4parse] Found 2 nul bytes in "\u{0}\u{0}"
[2022-06-27T14:11:43Z ERROR mp4parse] Found 2 nul bytes in "\u{0}\u{0}"
[2022-06-27T14:11:43Z ERROR mp4parse] Found 2 nul bytes in "\u{0}\u{0}"
[2022-06-27T14:11:43Z ERROR mp4parse] Found 2 nul bytes in "\u{0}\u{0}"
[2022-06-27T14:11:59Z ERROR mp4parse] Found 2 nul bytes in "\u{0}\u{0}"
[2022-06-27T14:11:59Z ERROR mp4parse] Found 2 nul bytes in "\u{0}\u{0}"
[2022-06-27T14:11:59Z ERROR mp4parse] Found 2 nul bytes in "\u{0}\u{0}"
[2022-06-27T14:11:59Z ERROR mp4parse] Found 2 nul bytes in "\u{0}\u{0}"
[2022-06-27T14:12:07Z ERROR mp4parse] Found 2 nul bytes in "\u{0}\u{0}"
[2022-06-27T14:12:07Z ERROR mp4parse] Found 2 nul bytes in "\u{0}\u{0}"
[2022-06-27T14:12:07Z ERROR mp4parse] Found 2 nul bytes in "\u{0}\u{0}"
[2022-06-27T14:12:07Z ERROR mp4parse] Found 2 nul bytes in "\u{0}\u{0}"
[2022-06-27T14:12:31Z ERROR mp4parse] Found 2 nul bytes in "\u{0}\u{0}"
[2022-06-27T14:12:31Z ERROR mp4parse] Found 2 nul bytes in "\u{0}\u{0}"
[2022-06-27T14:12:31Z ERROR mp4parse] Found 2 nul bytes in "\u{0}\u{0}"
[2022-06-27T14:12:31Z ERROR mp4parse] Found 2 nul bytes in "\u{0}\u{0}"
[2022-06-27T14:12:37Z ERROR mp4parse] Found 2 nul bytes in "\u{0}\u{0}"
[2022-06-27T14:12:37Z ERROR mp4parse] Found 2 nul bytes in "\u{0}\u{0}"
[2022-06-27T14:12:37Z ERROR mp4parse] Found 2 nul bytes in "\u{0}\u{0}"
[2022-06-27T14:12:37Z ERROR mp4parse] Found 2 nul bytes in "\u{0}\u{0}"
[2022-06-27T14:12:45Z ERROR mp4parse] Found 2 nul bytes in "\u{0}\u{0}"
[2022-06-27T14:12:45Z ERROR mp4parse] Found 2 nul bytes in "\u{0}\u{0}"
[2022-06-27T14:12:45Z ERROR mp4parse] Found 2 nul bytes in "\u{0}\u{0}"
[2022-06-27T14:12:45Z ERROR mp4parse] Found 2 nul bytes in "\u{0}\u{0}"
[2022-06-27T14:12:53Z ERROR mp4parse] Found 2 nul bytes in "\u{0}\u{0}"
[2022-06-27T14:12:53Z ERROR mp4parse] Found 2 nul bytes in "\u{0}\u{0}"
[2022-06-27T14:12:53Z ERROR mp4parse] Found 2 nul bytes in "\u{0}\u{0}"
[2022-06-27T14:12:53Z ERROR mp4parse] Found 2 nul bytes in "\u{0}\u{0}"
[2022-06-27T14:12:58Z ERROR mp4parse] Found 2 nul bytes in "\u{0}\u{0}"
[2022-06-27T14:12:58Z ERROR mp4parse] Found 2 nul bytes in "\u{0}\u{0}"
[2022-06-27T14:12:58Z ERROR mp4parse] Found 2 nul bytes in "\u{0}\u{0}"
[2022-06-27T14:12:58Z ERROR mp4parse] Found 2 nul bytes in "\u{0}\u{0}"
[2022-06-27T14:13:06Z ERROR mp4parse] Found 2 nul bytes in "\u{0}\u{0}"
[2022-06-27T14:13:06Z ERROR mp4parse] Found 2 nul bytes in "\u{0}\u{0}"
[2022-06-27T14:13:06Z ERROR mp4parse] Found 2 nul bytes in "\u{0}\u{0}"
[2022-06-27T14:13:06Z ERROR mp4parse] Found 2 nul bytes in "\u{0}\u{0}"
[2022-06-27T14:13:14Z ERROR mp4parse] Found 2 nul bytes in "\u{0}\u{0}"
[2022-06-27T14:13:14Z ERROR mp4parse] Found 2 nul bytes in "\u{0}\u{0}"
[2022-06-27T14:13:14Z ERROR mp4parse] Found 2 nul bytes in "\u{0}\u{0}"
[2022-06-27T14:13:14Z ERROR mp4parse] Found 2 nul bytes in "\u{0}\u{0}"
1656340078837	geckodriver	INFO	Listening on 127.0.0.1:59311
1656340079262	mozrunner::runner	INFO	Running command: "/Applications/Firefox.app/Contents/MacOS/firefox-bin" "--marionette" "--remote-debugging-port" "59312" "--remote-allow-hosts" "localhost" "-foreground" "-no-remote" "-profile" "/var/folders/ms/gfqhw9v15v55931yqg1_j3t80000gn/T/rust_mozprofilempi9sb"
1656340079488	Marionette	INFO	Marionette enabled
UNSUPPORTED (log once): POSSIBLE ISSUE: unit 1 GLD_TEXTURE_INDEX_2D is unloadable and bound to sampler type (Float) - using zero texture because texture unloadable
console.warn: SearchSettings: "get: No settings file exists, new profile?" (new NotFoundError("Could not open the file at /var/folders/ms/gfqhw9v15v55931yqg1_j3t80000gn/T/rust_mozprofilempi9sb/search.json.mozlz4", (void 0)))
console.error: BackgroundUpdate: 
  _reasonsToNotScheduleUpdates: Failed to check for Maintenance Service Registry Key: [Exception... "Component returned failure code: 0x80004001 (NS_ERROR_NOT_IMPLEMENTED) [nsIUpdateProcessor.getServiceRegKeyExists]"  nsresult: "0x80004001 (NS_ERROR_NOT_IMPLEMENTED)"  location: "JS frame :: resource://gre/modules/BackgroundUpdate.jsm :: _reasonsToNotScheduleUpdates :: line 241"  data: no]
DevTools listening on ws://localhost:59312/devtools/browser/861247b5-3d59-4ac6-af03-79170752d0d5
1656340080260	Marionette	INFO	Listening on port 59328
Read port: 59328
1656340080313	RemoteAgent	WARN	TLS certificate errors will be ignored for this session
1656340081793	Marionette	WARN	Ignoring event 'pageshow' because document has an invalid readyState of 'uninitialized'.
[2022-06-27T14:28:01Z ERROR mp4parse] Found 2 nul bytes in "\u{0}\u{0}"
[2022-06-27T14:28:01Z ERROR mp4parse] Found 2 nul bytes in "\u{0}\u{0}"
[2022-06-27T14:28:02Z ERROR mp4parse] Found 2 nul bytes in "\u{0}\u{0}"
[2022-06-27T14:28:02Z ERROR mp4parse] Found 2 nul bytes in "\u{0}\u{0}"
[2022-06-27T14:28:26Z ERROR mp4parse] Found 2 nul bytes in "\u{0}\u{0}"
[2022-06-27T14:28:26Z ERROR mp4parse] Found 2 nul bytes in "\u{0}\u{0}"
[2022-06-27T14:28:26Z ERROR mp4parse] Found 2 nul bytes in "\u{0}\u{0}"
[2022-06-27T14:28:26Z ERROR mp4parse] Found 2 nul bytes in "\u{0}\u{0}"
[2022-06-27T14:28:52Z ERROR mp4parse] Found 2 nul bytes in "\u{0}\u{0}"
[2022-06-27T14:28:52Z ERROR mp4parse] Found 2 nul bytes in "\u{0}\u{0}"
[2022-06-27T14:28:52Z ERROR mp4parse] Found 2 nul bytes in "\u{0}\u{0}"
[2022-06-27T14:28:53Z ERROR mp4parse] Found 2 nul bytes in "\u{0}\u{0}"
[2022-06-27T14:29:01Z ERROR mp4parse] Found 2 nul bytes in "\u{0}\u{0}"
[2022-06-27T14:29:01Z ERROR mp4parse] Found 2 nul bytes in "\u{0}\u{0}"
[2022-06-27T14:29:01Z ERROR mp4parse] Found 2 nul bytes in "\u{0}\u{0}"
[2022-06-27T14:29:01Z ERROR mp4parse] Found 2 nul bytes in "\u{0}\u{0}"
[2022-06-27T14:29:19Z ERROR mp4parse] Found 2 nul bytes in "\u{0}\u{0}"
[2022-06-27T14:29:19Z ERROR mp4parse] Found 2 nul bytes in "\u{0}\u{0}"
[2022-06-27T14:29:19Z ERROR mp4parse] Found 2 nul bytes in "\u{0}\u{0}"
[2022-06-27T14:29:19Z ERROR mp4parse] Found 2 nul bytes in "\u{0}\u{0}"
[2022-06-27T14:29:25Z ERROR mp4parse] Found 2 nul bytes in "\u{0}\u{0}"
[2022-06-27T14:29:25Z ERROR mp4parse] Found 2 nul bytes in "\u{0}\u{0}"
[2022-06-27T14:29:25Z ERROR mp4parse] Found 2 nul bytes in "\u{0}\u{0}"
[2022-06-27T14:29:25Z ERROR mp4parse] Found 2 nul bytes in "\u{0}\u{0}"
[2022-06-27T14:29:33Z ERROR mp4parse] Found 2 nul bytes in "\u{0}\u{0}"
[2022-06-27T14:29:33Z ERROR mp4parse] Found 2 nul bytes in "\u{0}\u{0}"
[2022-06-27T14:29:33Z ERROR mp4parse] Found 2 nul bytes in "\u{0}\u{0}"
[2022-06-27T14:29:33Z ERROR mp4parse] Found 2 nul bytes in "\u{0}\u{0}"
[2022-06-27T14:29:39Z ERROR mp4parse] Found 2 nul bytes in "\u{0}\u{0}"
[2022-06-27T14:29:39Z ERROR mp4parse] Found 2 nul bytes in "\u{0}\u{0}"
[2022-06-27T14:29:39Z ERROR mp4parse] Found 2 nul bytes in "\u{0}\u{0}"
[2022-06-27T14:29:39Z ERROR mp4parse] Found 2 nul bytes in "\u{0}\u{0}"
[2022-06-27T14:29:46Z ERROR mp4parse] Found 2 nul bytes in "\u{0}\u{0}"
[2022-06-27T14:29:46Z ERROR mp4parse] Found 2 nul bytes in "\u{0}\u{0}"
[2022-06-27T14:29:47Z ERROR mp4parse] Found 2 nul bytes in "\u{0}\u{0}"
[2022-06-27T14:29:47Z ERROR mp4parse] Found 2 nul bytes in "\u{0}\u{0}"
[2022-06-27T14:30:15Z ERROR mp4parse] Found 2 nul bytes in "\u{0}\u{0}"
[2022-06-27T14:30:15Z ERROR mp4parse] Found 2 nul bytes in "\u{0}\u{0}"
[2022-06-27T14:30:15Z ERROR mp4parse] Found 2 nul bytes in "\u{0}\u{0}"
[2022-06-27T14:30:15Z ERROR mp4parse] Found 2 nul bytes in "\u{0}\u{0}"
[2022-06-27T14:30:23Z ERROR mp4parse] Found 2 nul bytes in "\u{0}\u{0}"
[2022-06-27T14:30:23Z ERROR mp4parse] Found 2 nul bytes in "\u{0}\u{0}"
[2022-06-27T14:30:23Z ERROR mp4parse] Found 2 nul bytes in "\u{0}\u{0}"
[2022-06-27T14:30:23Z ERROR mp4parse] Found 2 nul bytes in "\u{0}\u{0}"
[2022-06-27T14:30:29Z ERROR mp4parse] Found 2 nul bytes in "\u{0}\u{0}"
[2022-06-27T14:30:29Z ERROR mp4parse] Found 2 nul bytes in "\u{0}\u{0}"
[2022-06-27T14:30:29Z ERROR mp4parse] Found 2 nul bytes in "\u{0}\u{0}"
[2022-06-27T14:30:29Z ERROR mp4parse] Found 2 nul bytes in "\u{0}\u{0}"
[2022-06-27T14:30:37Z ERROR mp4parse] Found 2 nul bytes in "\u{0}\u{0}"
[2022-06-27T14:30:37Z ERROR mp4parse] Found 2 nul bytes in "\u{0}\u{0}"
[2022-06-27T14:30:37Z ERROR mp4parse] Found 2 nul bytes in "\u{0}\u{0}"
[2022-06-27T14:30:37Z ERROR mp4parse] Found 2 nul bytes in "\u{0}\u{0}"
1656340436588	geckodriver	INFO	Listening on 127.0.0.1:59554
1656340437005	mozrunner::runner	INFO	Running command: "/Applications/Firefox.app/Contents/MacOS/firefox-bin" "--marionette" "--remote-debugging-port" "59555" "--remote-allow-hosts" "localhost" "-foreground" "-no-remote" "-profile" "/var/folders/ms/gfqhw9v15v55931yqg1_j3t80000gn/T/rust_mozprofilehWAZnX"
1656340437227	Marionette	INFO	Marionette enabled
UNSUPPORTED (log once): POSSIBLE ISSUE: unit 1 GLD_TEXTURE_INDEX_2D is unloadable and bound to sampler type (Float) - using zero texture because texture unloadable
console.warn: SearchSettings: "get: No settings file exists, new profile?" (new NotFoundError("Could not open the file at /var/folders/ms/gfqhw9v15v55931yqg1_j3t80000gn/T/rust_mozprofilehWAZnX/search.json.mozlz4", (void 0)))
console.error: BackgroundUpdate: 
  _reasonsToNotScheduleUpdates: Failed to check for Maintenance Service Registry Key: [Exception... "Component returned failure code: 0x80004001 (NS_ERROR_NOT_IMPLEMENTED) [nsIUpdateProcessor.getServiceRegKeyExists]"  nsresult: "0x80004001 (NS_ERROR_NOT_IMPLEMENTED)"  location: "JS frame :: resource://gre/modules/BackgroundUpdate.jsm :: _reasonsToNotScheduleUpdates :: line 241"  data: no]
DevTools listening on ws://localhost:59555/devtools/browser/4ef8bf93-a417-4eb9-9bc4-cd9125a436de
1656340437971	Marionette	INFO	Listening on port 59573
Read port: 59573
1656340438053	RemoteAgent	WARN	TLS certificate errors will be ignored for this session
1656340439339	Marionette	WARN	Ignoring event 'pageshow' because document has an invalid readyState of 'uninitialized'.
[2022-06-27T14:33:59Z ERROR mp4parse] Found 2 nul bytes in "\u{0}\u{0}"
[2022-06-27T14:33:59Z ERROR mp4parse] Found 2 nul bytes in "\u{0}\u{0}"
[2022-06-27T14:33:59Z ERROR mp4parse] Found 2 nul bytes in "\u{0}\u{0}"
[2022-06-27T14:34:00Z ERROR mp4parse] Found 2 nul bytes in "\u{0}\u{0}"
[2022-06-27T14:34:46Z ERROR mp4parse] Found 2 nul bytes in "\u{0}\u{0}"
[2022-06-27T14:34:46Z ERROR mp4parse] Found 2 nul bytes in "\u{0}\u{0}"
[2022-06-27T14:34:46Z ERROR mp4parse] Found 2 nul bytes in "\u{0}\u{0}"
[2022-06-27T14:34:46Z ERROR mp4parse] Found 2 nul bytes in "\u{0}\u{0}"
[2022-06-27T14:35:10Z ERROR mp4parse] Found 2 nul bytes in "\u{0}\u{0}"
[2022-06-27T14:35:10Z ERROR mp4parse] Found 2 nul bytes in "\u{0}\u{0}"
[2022-06-27T14:35:10Z ERROR mp4parse] Found 2 nul bytes in "\u{0}\u{0}"
[2022-06-27T14:35:10Z ERROR mp4parse] Found 2 nul bytes in "\u{0}\u{0}"
[2022-06-27T14:35:50Z ERROR mp4parse] Found 2 nul bytes in "\u{0}\u{0}"
[2022-06-27T14:35:50Z ERROR mp4parse] Found 2 nul bytes in "\u{0}\u{0}"
[2022-06-27T14:35:50Z ERROR mp4parse] Found 2 nul bytes in "\u{0}\u{0}"
[2022-06-27T14:35:51Z ERROR mp4parse] Found 2 nul bytes in "\u{0}\u{0}"
[2022-06-27T14:36:15Z ERROR mp4parse] Found 2 nul bytes in "\u{0}\u{0}"
[2022-06-27T14:36:15Z ERROR mp4parse] Found 2 nul bytes in "\u{0}\u{0}"
[2022-06-27T14:36:15Z ERROR mp4parse] Found 2 nul bytes in "\u{0}\u{0}"
[2022-06-27T14:36:15Z ERROR mp4parse] Found 2 nul bytes in "\u{0}\u{0}"
[2022-06-27T14:36:20Z ERROR mp4parse] Found 2 nul bytes in "\u{0}\u{0}"
[2022-06-27T14:36:20Z ERROR mp4parse] Found 2 nul bytes in "\u{0}\u{0}"
[2022-06-27T14:36:20Z ERROR mp4parse] Found 2 nul bytes in "\u{0}\u{0}"
[2022-06-27T14:36:20Z ERROR mp4parse] Found 2 nul bytes in "\u{0}\u{0}"
[2022-06-27T14:36:41Z ERROR mp4parse] Found 2 nul bytes in "\u{0}\u{0}"
[2022-06-27T14:36:41Z ERROR mp4parse] Found 2 nul bytes in "\u{0}\u{0}"
[2022-06-27T14:36:41Z ERROR mp4parse] Found 2 nul bytes in "\u{0}\u{0}"
[2022-06-27T14:36:41Z ERROR mp4parse] Found 2 nul bytes in "\u{0}\u{0}"
[2022-06-27T14:36:47Z ERROR mp4parse] Found 2 nul bytes in "\u{0}\u{0}"
[2022-06-27T14:36:47Z ERROR mp4parse] Found 2 nul bytes in "\u{0}\u{0}"
[2022-06-27T14:36:47Z ERROR mp4parse] Found 2 nul bytes in "\u{0}\u{0}"
[2022-06-27T14:36:47Z ERROR mp4parse] Found 2 nul bytes in "\u{0}\u{0}"
[2022-06-27T14:36:53Z ERROR mp4parse] Found 2 nul bytes in "\u{0}\u{0}"
[2022-06-27T14:36:53Z ERROR mp4parse] Found 2 nul bytes in "\u{0}\u{0}"
[2022-06-27T14:36:53Z ERROR mp4parse] Found 2 nul bytes in "\u{0}\u{0}"
[2022-06-27T14:36:53Z ERROR mp4parse] Found 2 nul bytes in "\u{0}\u{0}"
[2022-06-27T14:37:01Z ERROR mp4parse] Found 2 nul bytes in "\u{0}\u{0}"
[2022-06-27T14:37:01Z ERROR mp4parse] Found 2 nul bytes in "\u{0}\u{0}"
[2022-06-27T14:37:01Z ERROR mp4parse] Found 2 nul bytes in "\u{0}\u{0}"
[2022-06-27T14:37:01Z ERROR mp4parse] Found 2 nul bytes in "\u{0}\u{0}"
[2022-06-27T14:37:07Z ERROR mp4parse] Found 2 nul bytes in "\u{0}\u{0}"
[2022-06-27T14:37:07Z ERROR mp4parse] Found 2 nul bytes in "\u{0}\u{0}"
[2022-06-27T14:37:07Z ERROR mp4parse] Found 2 nul bytes in "\u{0}\u{0}"
[2022-06-27T14:37:07Z ERROR mp4parse] Found 2 nul bytes in "\u{0}\u{0}"
[2022-06-27T14:37:13Z ERROR mp4parse] Found 2 nul bytes in "\u{0}\u{0}"
[2022-06-27T14:37:13Z ERROR mp4parse] Found 2 nul bytes in "\u{0}\u{0}"
[2022-06-27T14:37:13Z ERROR mp4parse] Found 2 nul bytes in "\u{0}\u{0}"
[2022-06-27T14:37:13Z ERROR mp4parse] Found 2 nul bytes in "\u{0}\u{0}"
[2022-06-27T14:37:20Z ERROR mp4parse] Found 2 nul bytes in "\u{0}\u{0}"
[2022-06-27T14:37:20Z ERROR mp4parse] Found 2 nul bytes in "\u{0}\u{0}"
[2022-06-27T14:37:20Z ERROR mp4parse] Found 2 nul bytes in "\u{0}\u{0}"
[2022-06-27T14:37:20Z ERROR mp4parse] Found 2 nul bytes in "\u{0}\u{0}"
[2022-06-27T14:37:44Z ERROR mp4parse] Found 2 nul bytes in "\u{0}\u{0}"
[2022-06-27T14:37:44Z ERROR mp4parse] Found 2 nul bytes in "\u{0}\u{0}"
[2022-06-27T14:37:44Z ERROR mp4parse] Found 2 nul bytes in "\u{0}\u{0}"
[2022-06-27T14:37:45Z ERROR mp4parse] Found 2 nul bytes in "\u{0}\u{0}"
1656340794291	geckodriver	INFO	Listening on 127.0.0.1:59799
1656340794727	mozrunner::runner	INFO	Running command: "/Applications/Firefox.app/Contents/MacOS/firefox-bin" "--marionette" "--remote-debugging-port" "59800" "--remote-allow-hosts" "localhost" "-foreground" "-no-remote" "-profile" "/var/folders/ms/gfqhw9v15v55931yqg1_j3t80000gn/T/rust_mozprofileOwhR5a"
1656340794949	Marionette	INFO	Marionette enabled
UNSUPPORTED (log once): POSSIBLE ISSUE: unit 1 GLD_TEXTURE_INDEX_2D is unloadable and bound to sampler type (Float) - using zero texture because texture unloadable
console.warn: SearchSettings: "get: No settings file exists, new profile?" (new NotFoundError("Could not open the file at /var/folders/ms/gfqhw9v15v55931yqg1_j3t80000gn/T/rust_mozprofileOwhR5a/search.json.mozlz4", (void 0)))
console.error: BackgroundUpdate: 
  _reasonsToNotScheduleUpdates: Failed to check for Maintenance Service Registry Key: [Exception... "Component returned failure code: 0x80004001 (NS_ERROR_NOT_IMPLEMENTED) [nsIUpdateProcessor.getServiceRegKeyExists]"  nsresult: "0x80004001 (NS_ERROR_NOT_IMPLEMENTED)"  location: "JS frame :: resource://gre/modules/BackgroundUpdate.jsm :: _reasonsToNotScheduleUpdates :: line 241"  data: no]
DevTools listening on ws://localhost:59800/devtools/browser/7b81e004-b55d-41ab-8901-1d13d3a9a4bf
1656340796065	Marionette	INFO	Listening on port 59815
Read port: 59815
1656340796089	RemoteAgent	WARN	TLS certificate errors will be ignored for this session
1656340797973	Marionette	WARN	Ignoring event 'pageshow' because document has an invalid readyState of 'uninitialized'.
[2022-06-27T14:39:58Z ERROR mp4parse] Found 2 nul bytes in "\u{0}\u{0}"
[2022-06-27T14:39:58Z ERROR mp4parse] Found 2 nul bytes in "\u{0}\u{0}"
[2022-06-27T14:39:58Z ERROR mp4parse] Found 2 nul bytes in "\u{0}\u{0}"
[2022-06-27T14:39:58Z ERROR mp4parse] Found 2 nul bytes in "\u{0}\u{0}"
[2022-06-27T14:40:13Z ERROR mp4parse] Found 2 nul bytes in "\u{0}\u{0}"
[2022-06-27T14:40:13Z ERROR mp4parse] Found 2 nul bytes in "\u{0}\u{0}"
[2022-06-27T14:40:13Z ERROR mp4parse] Found 2 nul bytes in "\u{0}\u{0}"
[2022-06-27T14:40:13Z ERROR mp4parse] Found 2 nul bytes in "\u{0}\u{0}"

###!!! [Parent][PBackgroundParent] Error: RunMessage(msgname=PBackgroundIDBDatabase::Msg_Close) Channel closing: too late to send/recv, messages will be lost

[2022-06-27T14:41:27Z ERROR mp4parse] Found 2 nul bytes in "\u{0}\u{0}"
[2022-06-27T14:41:27Z ERROR mp4parse] Found 2 nul bytes in "\u{0}\u{0}"
[2022-06-27T14:41:27Z ERROR mp4parse] Found 2 nul bytes in "\u{0}\u{0}"
[2022-06-27T14:41:27Z ERROR mp4parse] Found 2 nul bytes in "\u{0}\u{0}"
[2022-06-27T14:41:39Z ERROR mp4parse] Found 2 nul bytes in "\u{0}\u{0}"
[2022-06-27T14:41:39Z ERROR mp4parse] Found 2 nul bytes in "\u{0}\u{0}"
[2022-06-27T14:41:39Z ERROR mp4parse] Found 2 nul bytes in "\u{0}\u{0}"
[2022-06-27T14:41:39Z ERROR mp4parse] Found 2 nul bytes in "\u{0}\u{0}"
[2022-06-27T14:42:08Z ERROR mp4parse] Found 2 nul bytes in "\u{0}\u{0}"
[2022-06-27T14:42:08Z ERROR mp4parse] Found 2 nul bytes in "\u{0}\u{0}"
[2022-06-27T14:42:08Z ERROR mp4parse] Found 2 nul bytes in "\u{0}\u{0}"
[2022-06-27T14:42:08Z ERROR mp4parse] Found 2 nul bytes in "\u{0}\u{0}"
[2022-06-27T14:42:14Z ERROR mp4parse] Found 2 nul bytes in "\u{0}\u{0}"
[2022-06-27T14:42:14Z ERROR mp4parse] Found 2 nul bytes in "\u{0}\u{0}"
[2022-06-27T14:42:14Z ERROR mp4parse] Found 2 nul bytes in "\u{0}\u{0}"
[2022-06-27T14:42:14Z ERROR mp4parse] Found 2 nul bytes in "\u{0}\u{0}"
[2022-06-27T14:42:19Z ERROR mp4parse] Found 2 nul bytes in "\u{0}\u{0}"
[2022-06-27T14:42:19Z ERROR mp4parse] Found 2 nul bytes in "\u{0}\u{0}"
[2022-06-27T14:42:19Z ERROR mp4parse] Found 2 nul bytes in "\u{0}\u{0}"
[2022-06-27T14:42:19Z ERROR mp4parse] Found 2 nul bytes in "\u{0}\u{0}"
[2022-06-27T14:42:25Z ERROR mp4parse] Found 2 nul bytes in "\u{0}\u{0}"
[2022-06-27T14:42:25Z ERROR mp4parse] Found 2 nul bytes in "\u{0}\u{0}"
[2022-06-27T14:42:25Z ERROR mp4parse] Found 2 nul bytes in "\u{0}\u{0}"
[2022-06-27T14:42:26Z ERROR mp4parse] Found 2 nul bytes in "\u{0}\u{0}"
[2022-06-27T14:42:33Z ERROR mp4parse] Found 2 nul bytes in "\u{0}\u{0}"
[2022-06-27T14:42:33Z ERROR mp4parse] Found 2 nul bytes in "\u{0}\u{0}"
[2022-06-27T14:42:33Z ERROR mp4parse] Found 2 nul bytes in "\u{0}\u{0}"
[2022-06-27T14:42:33Z ERROR mp4parse] Found 2 nul bytes in "\u{0}\u{0}"
[2022-06-27T14:42:39Z ERROR mp4parse] Found 2 nul bytes in "\u{0}\u{0}"
[2022-06-27T14:42:39Z ERROR mp4parse] Found 2 nul bytes in "\u{0}\u{0}"
[2022-06-27T14:42:39Z ERROR mp4parse] Found 2 nul bytes in "\u{0}\u{0}"
[2022-06-27T14:42:39Z ERROR mp4parse] Found 2 nul bytes in "\u{0}\u{0}"
[2022-06-27T14:42:45Z ERROR mp4parse] Found 2 nul bytes in "\u{0}\u{0}"
[2022-06-27T14:42:45Z ERROR mp4parse] Found 2 nul bytes in "\u{0}\u{0}"
[2022-06-27T14:42:45Z ERROR mp4parse] Found 2 nul bytes in "\u{0}\u{0}"
[2022-06-27T14:42:45Z ERROR mp4parse] Found 2 nul bytes in "\u{0}\u{0}"
[2022-06-27T14:42:53Z ERROR mp4parse] Found 2 nul bytes in "\u{0}\u{0}"
[2022-06-27T14:42:53Z ERROR mp4parse] Found 2 nul bytes in "\u{0}\u{0}"
[2022-06-27T14:42:53Z ERROR mp4parse] Found 2 nul bytes in "\u{0}\u{0}"
[2022-06-27T14:42:53Z ERROR mp4parse] Found 2 nul bytes in "\u{0}\u{0}"
[2022-06-27T14:42:59Z ERROR mp4parse] Found 2 nul bytes in "\u{0}\u{0}"
[2022-06-27T14:42:59Z ERROR mp4parse] Found 2 nul bytes in "\u{0}\u{0}"
[2022-06-27T14:42:59Z ERROR mp4parse] Found 2 nul bytes in "\u{0}\u{0}"
[2022-06-27T14:42:59Z ERROR mp4parse] Found 2 nul bytes in "\u{0}\u{0}"
[2022-06-27T14:43:05Z ERROR mp4parse] Found 2 nul bytes in "\u{0}\u{0}"
[2022-06-27T14:43:05Z ERROR mp4parse] Found 2 nul bytes in "\u{0}\u{0}"
[2022-06-27T14:43:05Z ERROR mp4parse] Found 2 nul bytes in "\u{0}\u{0}"
[2022-06-27T14:43:05Z ERROR mp4parse] Found 2 nul bytes in "\u{0}\u{0}"
1656343809852	Marionette	INFO	Stopped listening on port 58688

###!!! [Parent][PImageBridgeParent] Error: RunMessage(msgname=PImageBridge::Msg_WillClose) Channel closing: too late to send/recv, messages will be lost

1656343814828	Marionette	INFO	Stopped listening on port 59054
console.warn: TopSitesFeed: Failed to fetch data from Contile server: NetworkError when attempting to fetch resource.

###!!! [Parent][PImageBridgeParent] Error: RunMessage(msgname=PImageBridge::Msg_WillClose) Channel closing: too late to send/recv, messages will be lost

1656343818043	Marionette	INFO	Stopped listening on port 59328
console.warn: TopSitesFeed: Failed to fetch data from Contile server: NetworkError when attempting to fetch resource.
1656343821222	Marionette	INFO	Stopped listening on port 59573

###!!! [Parent][PContentParent] Error: Send(msgname=PContent::Reply_DiscardBrowsingContext) Closed channel: cannot send/recv


###!!! [Child][PContentChild] Error: RunMessage(msgname=PContent::Msg_DiscardBrowsingContext) Channel closing: too late to send/recv, messages will be lost


###!!! [Parent][PContentParent] Error: Send(msgname=PContent::Msg_DestroyBrowsingContextGroup) Closed channel: cannot send/recv


###!!! [Child][PContentChild] Error: RunMessage(msgname=PContent::Reply_DiscardBrowsingContext) Channel closing: too late to send/recv, messages will be lost


###!!! [Child][PContentChild] Error: RunMessage(msgname=PHttpChannel::Msg_DeleteSelf) Channel closing: too late to send/recv, messages will be lost


###!!! [Child][PContentChild] Error: RunMessage(msgname=PHttpChannel::Msg_DeleteSelf) Channel closing: too late to send/recv, messages will be lost


###!!! [Parent][PImageBridgeParent] Error: RunMessage(msgname=PImageBridge::Msg_WillClose) Channel closing: too late to send/recv, messages will be lost

1656343824071	Marionette	INFO	Stopped listening on port 59815

###!!! [Parent][PContentParent] Error: Send(msgname=PContent::Reply_DiscardBrowsingContext) Closed channel: cannot send/recv


###!!! [Parent][PContentParent] Error: Send(msgname=PContent::Msg_DestroyBrowsingContextGroup) Closed channel: cannot send/recv


###!!! [Parent][PImageBridgeParent] Error: RunMessage(msgname=PImageBridge::Msg_WillClose) Channel closing: too late to send/recv, messages will be lost

1656505024843	geckodriver	INFO	Listening on 127.0.0.1:65100
1656505025272	mozrunner::runner	INFO	Running command: "/Applications/Firefox.app/Contents/MacOS/firefox-bin" "--marionette" "--remote-debugging-port" "65101" "--remote-allow-hosts" "localhost" "-foreground" "-no-remote" "-profile" "/var/folders/ms/gfqhw9v15v55931yqg1_j3t80000gn/T/rust_mozprofilemvXC2b"
1656505025524	Marionette	INFO	Marionette enabled
UNSUPPORTED (log once): POSSIBLE ISSUE: unit 1 GLD_TEXTURE_INDEX_2D is unloadable and bound to sampler type (Float) - using zero texture because texture unloadable
console.warn: SearchSettings: "get: No settings file exists, new profile?" (new NotFoundError("Could not open the file at /var/folders/ms/gfqhw9v15v55931yqg1_j3t80000gn/T/rust_mozprofilemvXC2b/search.json.mozlz4", (void 0)))
console.error: BackgroundUpdate: 
  _reasonsToNotScheduleUpdates: Failed to check for Maintenance Service Registry Key: [Exception... "Component returned failure code: 0x80004001 (NS_ERROR_NOT_IMPLEMENTED) [nsIUpdateProcessor.getServiceRegKeyExists]"  nsresult: "0x80004001 (NS_ERROR_NOT_IMPLEMENTED)"  location: "JS frame :: resource://gre/modules/BackgroundUpdate.jsm :: _reasonsToNotScheduleUpdates :: line 241"  data: no]
DevTools listening on ws://localhost:65101/devtools/browser/0ed5686a-a024-4d28-a17a-5fab620c7a7a
1656505026355	Marionette	INFO	Listening on port 65122
Read port: 65122
1656505026437	RemoteAgent	WARN	TLS certificate errors will be ignored for this session
1656505027521	Marionette	WARN	Ignoring event 'pageshow' because document has an invalid readyState of 'uninitialized'.
[2022-06-29T12:17:07Z ERROR mp4parse] Found 2 nul bytes in "\u{0}\u{0}"
[2022-06-29T12:17:07Z ERROR mp4parse] Found 2 nul bytes in "\u{0}\u{0}"
[2022-06-29T12:17:07Z ERROR mp4parse] Found 2 nul bytes in "\u{0}\u{0}"
[2022-06-29T12:17:08Z ERROR mp4parse] Found 2 nul bytes in "\u{0}\u{0}"
[2022-06-29T12:17:18Z ERROR mp4parse] Found 2 nul bytes in "\u{0}\u{0}"
[2022-06-29T12:17:18Z ERROR mp4parse] Found 2 nul bytes in "\u{0}\u{0}"
[2022-06-29T12:17:18Z ERROR mp4parse] Found 2 nul bytes in "\u{0}\u{0}"
[2022-06-29T12:17:18Z ERROR mp4parse] Found 2 nul bytes in "\u{0}\u{0}"
[2022-06-29T12:18:23Z ERROR mp4parse] Found 2 nul bytes in "\u{0}\u{0}"
[2022-06-29T12:18:23Z ERROR mp4parse] Found 2 nul bytes in "\u{0}\u{0}"
[2022-06-29T12:18:23Z ERROR mp4parse] Found 2 nul bytes in "\u{0}\u{0}"
[2022-06-29T12:18:23Z ERROR mp4parse] Found 2 nul bytes in "\u{0}\u{0}"
[2022-06-29T12:18:39Z ERROR mp4parse] Found 2 nul bytes in "\u{0}\u{0}"
[2022-06-29T12:18:39Z ERROR mp4parse] Found 2 nul bytes in "\u{0}\u{0}"
[2022-06-29T12:18:39Z ERROR mp4parse] Found 2 nul bytes in "\u{0}\u{0}"
[2022-06-29T12:18:39Z ERROR mp4parse] Found 2 nul bytes in "\u{0}\u{0}"
[2022-06-29T12:18:47Z ERROR mp4parse] Found 2 nul bytes in "\u{0}\u{0}"
[2022-06-29T12:18:47Z ERROR mp4parse] Found 2 nul bytes in "\u{0}\u{0}"
[2022-06-29T12:18:47Z ERROR mp4parse] Found 2 nul bytes in "\u{0}\u{0}"
[2022-06-29T12:18:47Z ERROR mp4parse] Found 2 nul bytes in "\u{0}\u{0}"
[2022-06-29T12:18:53Z ERROR mp4parse] Found 2 nul bytes in "\u{0}\u{0}"
[2022-06-29T12:18:53Z ERROR mp4parse] Found 2 nul bytes in "\u{0}\u{0}"
[2022-06-29T12:18:53Z ERROR mp4parse] Found 2 nul bytes in "\u{0}\u{0}"
[2022-06-29T12:18:53Z ERROR mp4parse] Found 2 nul bytes in "\u{0}\u{0}"
[2022-06-29T12:18:59Z ERROR mp4parse] Found 2 nul bytes in "\u{0}\u{0}"
[2022-06-29T12:18:59Z ERROR mp4parse] Found 2 nul bytes in "\u{0}\u{0}"
[2022-06-29T12:18:59Z ERROR mp4parse] Found 2 nul bytes in "\u{0}\u{0}"
[2022-06-29T12:18:59Z ERROR mp4parse] Found 2 nul bytes in "\u{0}\u{0}"
[2022-06-29T12:19:04Z ERROR mp4parse] Found 2 nul bytes in "\u{0}\u{0}"
[2022-06-29T12:19:04Z ERROR mp4parse] Found 2 nul bytes in "\u{0}\u{0}"
[2022-06-29T12:19:04Z ERROR mp4parse] Found 2 nul bytes in "\u{0}\u{0}"
[2022-06-29T12:19:06Z ERROR mp4parse] Found 2 nul bytes in "\u{0}\u{0}"
[2022-06-29T12:20:06Z ERROR mp4parse] Found 2 nul bytes in "\u{0}\u{0}"
[2022-06-29T12:20:06Z ERROR mp4parse] Found 2 nul bytes in "\u{0}\u{0}"
[2022-06-29T12:20:06Z ERROR mp4parse] Found 2 nul bytes in "\u{0}\u{0}"
[2022-06-29T12:20:06Z ERROR mp4parse] Found 2 nul bytes in "\u{0}\u{0}"
[2022-06-29T12:21:21Z ERROR mp4parse] Found 2 nul bytes in "\u{0}\u{0}"
[2022-06-29T12:21:21Z ERROR mp4parse] Found 2 nul bytes in "\u{0}\u{0}"
[2022-06-29T12:21:21Z ERROR mp4parse] Found 2 nul bytes in "\u{0}\u{0}"
[2022-06-29T12:21:21Z ERROR mp4parse] Found 2 nul bytes in "\u{0}\u{0}"
[2022-06-29T12:21:27Z ERROR mp4parse] Found 2 nul bytes in "\u{0}\u{0}"
[2022-06-29T12:21:27Z ERROR mp4parse] Found 2 nul bytes in "\u{0}\u{0}"
[2022-06-29T12:21:27Z ERROR mp4parse] Found 2 nul bytes in "\u{0}\u{0}"
[2022-06-29T12:21:27Z ERROR mp4parse] Found 2 nul bytes in "\u{0}\u{0}"
[2022-06-29T12:21:33Z ERROR mp4parse] Found 2 nul bytes in "\u{0}\u{0}"
[2022-06-29T12:21:33Z ERROR mp4parse] Found 2 nul bytes in "\u{0}\u{0}"
[2022-06-29T12:21:33Z ERROR mp4parse] Found 2 nul bytes in "\u{0}\u{0}"
[2022-06-29T12:21:33Z ERROR mp4parse] Found 2 nul bytes in "\u{0}\u{0}"
[2022-06-29T12:21:38Z ERROR mp4parse] Found 2 nul bytes in "\u{0}\u{0}"
[2022-06-29T12:21:38Z ERROR mp4parse] Found 2 nul bytes in "\u{0}\u{0}"
[2022-06-29T12:21:38Z ERROR mp4parse] Found 2 nul bytes in "\u{0}\u{0}"
[2022-06-29T12:21:38Z ERROR mp4parse] Found 2 nul bytes in "\u{0}\u{0}"
[2022-06-29T12:21:44Z ERROR mp4parse] Found 2 nul bytes in "\u{0}\u{0}"
[2022-06-29T12:21:44Z ERROR mp4parse] Found 2 nul bytes in "\u{0}\u{0}"
[2022-06-29T12:21:44Z ERROR mp4parse] Found 2 nul bytes in "\u{0}\u{0}"
[2022-06-29T12:21:44Z ERROR mp4parse] Found 2 nul bytes in "\u{0}\u{0}"
1656505726653	geckodriver	INFO	Listening on 127.0.0.1:65515
1656505727066	mozrunner::runner	INFO	Running command: "/Applications/Firefox.app/Contents/MacOS/firefox-bin" "--marionette" "--remote-debugging-port" "65516" "--remote-allow-hosts" "localhost" "-foreground" "-no-remote" "-profile" "/var/folders/ms/gfqhw9v15v55931yqg1_j3t80000gn/T/rust_mozprofileiMeP90"
1656505727306	Marionette	INFO	Marionette enabled
UNSUPPORTED (log once): POSSIBLE ISSUE: unit 1 GLD_TEXTURE_INDEX_2D is unloadable and bound to sampler type (Float) - using zero texture because texture unloadable
console.warn: SearchSettings: "get: No settings file exists, new profile?" (new NotFoundError("Could not open the file at /var/folders/ms/gfqhw9v15v55931yqg1_j3t80000gn/T/rust_mozprofileiMeP90/search.json.mozlz4", (void 0)))
console.error: BackgroundUpdate: 
  _reasonsToNotScheduleUpdates: Failed to check for Maintenance Service Registry Key: [Exception... "Component returned failure code: 0x80004001 (NS_ERROR_NOT_IMPLEMENTED) [nsIUpdateProcessor.getServiceRegKeyExists]"  nsresult: "0x80004001 (NS_ERROR_NOT_IMPLEMENTED)"  location: "JS frame :: resource://gre/modules/BackgroundUpdate.jsm :: _reasonsToNotScheduleUpdates :: line 241"  data: no]
DevTools listening on ws://localhost:65516/devtools/browser/c1f1b8cf-cfc4-4f87-9d6b-6bd3f826c42b
1656505728052	Marionette	INFO	Listening on port 65531
Read port: 65531
1656505728116	RemoteAgent	WARN	TLS certificate errors will be ignored for this session
1656505729150	Marionette	WARN	Ignoring event 'pageshow' because document has an invalid readyState of 'uninitialized'.
[2022-06-29T12:28:49Z ERROR mp4parse] Found 2 nul bytes in "\u{0}\u{0}"
[2022-06-29T12:28:49Z ERROR mp4parse] Found 2 nul bytes in "\u{0}\u{0}"
[2022-06-29T12:28:49Z ERROR mp4parse] Found 2 nul bytes in "\u{0}\u{0}"
[2022-06-29T12:28:49Z ERROR mp4parse] Found 2 nul bytes in "\u{0}\u{0}"
[2022-06-29T12:29:21Z ERROR mp4parse] Found 2 nul bytes in "\u{0}\u{0}"
[2022-06-29T12:29:21Z ERROR mp4parse] Found 2 nul bytes in "\u{0}\u{0}"
[2022-06-29T12:29:21Z ERROR mp4parse] Found 2 nul bytes in "\u{0}\u{0}"
[2022-06-29T12:29:21Z ERROR mp4parse] Found 2 nul bytes in "\u{0}\u{0}"
[2022-06-29T12:29:27Z ERROR mp4parse] Found 2 nul bytes in "\u{0}\u{0}"
[2022-06-29T12:29:27Z ERROR mp4parse] Found 2 nul bytes in "\u{0}\u{0}"
[2022-06-29T12:29:27Z ERROR mp4parse] Found 2 nul bytes in "\u{0}\u{0}"
[2022-06-29T12:29:27Z ERROR mp4parse] Found 2 nul bytes in "\u{0}\u{0}"
[2022-06-29T12:30:28Z ERROR mp4parse] Found 2 nul bytes in "\u{0}\u{0}"
[2022-06-29T12:30:28Z ERROR mp4parse] Found 2 nul bytes in "\u{0}\u{0}"
[2022-06-29T12:30:28Z ERROR mp4parse] Found 2 nul bytes in "\u{0}\u{0}"
[2022-06-29T12:30:29Z ERROR mp4parse] Found 2 nul bytes in "\u{0}\u{0}"
[2022-06-29T12:31:04Z ERROR mp4parse] Found 2 nul bytes in "\u{0}\u{0}"
[2022-06-29T12:31:04Z ERROR mp4parse] Found 2 nul bytes in "\u{0}\u{0}"
[2022-06-29T12:31:04Z ERROR mp4parse] Found 2 nul bytes in "\u{0}\u{0}"
[2022-06-29T12:31:04Z ERROR mp4parse] Found 2 nul bytes in "\u{0}\u{0}"
[2022-06-29T12:31:52Z ERROR mp4parse] Found 2 nul bytes in "\u{0}\u{0}"
[2022-06-29T12:31:52Z ERROR mp4parse] Found 2 nul bytes in "\u{0}\u{0}"
[2022-06-29T12:31:52Z ERROR mp4parse] Found 2 nul bytes in "\u{0}\u{0}"
[2022-06-29T12:31:52Z ERROR mp4parse] Found 2 nul bytes in "\u{0}\u{0}"
[2022-06-29T12:32:16Z ERROR mp4parse] Found 2 nul bytes in "\u{0}\u{0}"
[2022-06-29T12:32:16Z ERROR mp4parse] Found 2 nul bytes in "\u{0}\u{0}"
[2022-06-29T12:32:16Z ERROR mp4parse] Found 2 nul bytes in "\u{0}\u{0}"
[2022-06-29T12:32:16Z ERROR mp4parse] Found 2 nul bytes in "\u{0}\u{0}"
[2022-06-29T12:32:42Z ERROR mp4parse] Found 2 nul bytes in "\u{0}\u{0}"
[2022-06-29T12:32:42Z ERROR mp4parse] Found 2 nul bytes in "\u{0}\u{0}"
[2022-06-29T12:32:42Z ERROR mp4parse] Found 2 nul bytes in "\u{0}\u{0}"
[2022-06-29T12:32:43Z ERROR mp4parse] Found 2 nul bytes in "\u{0}\u{0}"
[2022-06-29T12:33:13Z ERROR mp4parse] Found 2 nul bytes in "\u{0}\u{0}"
[2022-06-29T12:33:13Z ERROR mp4parse] Found 2 nul bytes in "\u{0}\u{0}"
[2022-06-29T12:33:13Z ERROR mp4parse] Found 2 nul bytes in "\u{0}\u{0}"
[2022-06-29T12:33:13Z ERROR mp4parse] Found 2 nul bytes in "\u{0}\u{0}"
[2022-06-29T12:33:37Z ERROR mp4parse] Found 2 nul bytes in "\u{0}\u{0}"
[2022-06-29T12:33:37Z ERROR mp4parse] Found 2 nul bytes in "\u{0}\u{0}"
[2022-06-29T12:33:37Z ERROR mp4parse] Found 2 nul bytes in "\u{0}\u{0}"
[2022-06-29T12:33:37Z ERROR mp4parse] Found 2 nul bytes in "\u{0}\u{0}"
[2022-06-29T12:33:55Z ERROR mp4parse] Found 2 nul bytes in "\u{0}\u{0}"
[2022-06-29T12:33:55Z ERROR mp4parse] Found 2 nul bytes in "\u{0}\u{0}"
[2022-06-29T12:33:55Z ERROR mp4parse] Found 2 nul bytes in "\u{0}\u{0}"
[2022-06-29T12:33:55Z ERROR mp4parse] Found 2 nul bytes in "\u{0}\u{0}"
[2022-06-29T12:34:23Z ERROR mp4parse] Found 2 nul bytes in "\u{0}\u{0}"
[2022-06-29T12:34:23Z ERROR mp4parse] Found 2 nul bytes in "\u{0}\u{0}"
[2022-06-29T12:34:23Z ERROR mp4parse] Found 2 nul bytes in "\u{0}\u{0}"
[2022-06-29T12:34:23Z ERROR mp4parse] Found 2 nul bytes in "\u{0}\u{0}"
[2022-06-29T12:34:51Z ERROR mp4parse] Found 2 nul bytes in "\u{0}\u{0}"
[2022-06-29T12:34:51Z ERROR mp4parse] Found 2 nul bytes in "\u{0}\u{0}"
[2022-06-29T12:34:51Z ERROR mp4parse] Found 2 nul bytes in "\u{0}\u{0}"
[2022-06-29T12:34:51Z ERROR mp4parse] Found 2 nul bytes in "\u{0}\u{0}"
[2022-06-29T12:35:21Z ERROR mp4parse] Found 2 nul bytes in "\u{0}\u{0}"
[2022-06-29T12:35:21Z ERROR mp4parse] Found 2 nul bytes in "\u{0}\u{0}"
[2022-06-29T12:35:21Z ERROR mp4parse] Found 2 nul bytes in "\u{0}\u{0}"
[2022-06-29T12:35:21Z ERROR mp4parse] Found 2 nul bytes in "\u{0}\u{0}"
[2022-06-29T12:35:49Z ERROR mp4parse] Found 2 nul bytes in "\u{0}\u{0}"
[2022-06-29T12:35:49Z ERROR mp4parse] Found 2 nul bytes in "\u{0}\u{0}"
[2022-06-29T12:35:49Z ERROR mp4parse] Found 2 nul bytes in "\u{0}\u{0}"
[2022-06-29T12:35:49Z ERROR mp4parse] Found 2 nul bytes in "\u{0}\u{0}"
[2022-06-29T12:36:18Z ERROR mp4parse] Found 2 nul bytes in "\u{0}\u{0}"
[2022-06-29T12:36:18Z ERROR mp4parse] Found 2 nul bytes in "\u{0}\u{0}"
[2022-06-29T12:36:20Z ERROR mp4parse] Found 2 nul bytes in "\u{0}\u{0}"
[2022-06-29T12:36:20Z ERROR mp4parse] Found 2 nul bytes in "\u{0}\u{0}"
1656506632807	geckodriver	INFO	Listening on 127.0.0.1:49539
1656506633228	mozrunner::runner	INFO	Running command: "/Applications/Firefox.app/Contents/MacOS/firefox-bin" "--marionette" "--remote-debugging-port" "49540" "--remote-allow-hosts" "localhost" "-foreground" "-no-remote" "-profile" "/var/folders/ms/gfqhw9v15v55931yqg1_j3t80000gn/T/rust_mozprofile335dKo"
1656506633462	Marionette	INFO	Marionette enabled
UNSUPPORTED (log once): POSSIBLE ISSUE: unit 1 GLD_TEXTURE_INDEX_2D is unloadable and bound to sampler type (Float) - using zero texture because texture unloadable
console.warn: SearchSettings: "get: No settings file exists, new profile?" (new NotFoundError("Could not open the file at /var/folders/ms/gfqhw9v15v55931yqg1_j3t80000gn/T/rust_mozprofile335dKo/search.json.mozlz4", (void 0)))
console.error: BackgroundUpdate: 
  _reasonsToNotScheduleUpdates: Failed to check for Maintenance Service Registry Key: [Exception... "Component returned failure code: 0x80004001 (NS_ERROR_NOT_IMPLEMENTED) [nsIUpdateProcessor.getServiceRegKeyExists]"  nsresult: "0x80004001 (NS_ERROR_NOT_IMPLEMENTED)"  location: "JS frame :: resource://gre/modules/BackgroundUpdate.jsm :: _reasonsToNotScheduleUpdates :: line 241"  data: no]
DevTools listening on ws://localhost:49540/devtools/browser/3e6c735c-7dcd-4295-807d-8fe91a8f433c
1656506634294	Marionette	INFO	Listening on port 49561
Read port: 49561
1656506634389	RemoteAgent	WARN	TLS certificate errors will be ignored for this session
1656506635428	Marionette	WARN	Ignoring event 'pageshow' because document has an invalid readyState of 'uninitialized'.
[2022-06-29T12:43:55Z ERROR mp4parse] Found 2 nul bytes in "\u{0}\u{0}"
[2022-06-29T12:43:55Z ERROR mp4parse] Found 2 nul bytes in "\u{0}\u{0}"
[2022-06-29T12:43:55Z ERROR mp4parse] Found 2 nul bytes in "\u{0}\u{0}"
[2022-06-29T12:43:56Z ERROR mp4parse] Found 2 nul bytes in "\u{0}\u{0}"
[2022-06-29T12:44:28Z ERROR mp4parse] Found 2 nul bytes in "\u{0}\u{0}"
[2022-06-29T12:44:28Z ERROR mp4parse] Found 2 nul bytes in "\u{0}\u{0}"
[2022-06-29T12:44:28Z ERROR mp4parse] Found 2 nul bytes in "\u{0}\u{0}"
[2022-06-29T12:44:28Z ERROR mp4parse] Found 2 nul bytes in "\u{0}\u{0}"
[2022-06-29T12:44:53Z ERROR mp4parse] Found 2 nul bytes in "\u{0}\u{0}"
[2022-06-29T12:44:53Z ERROR mp4parse] Found 2 nul bytes in "\u{0}\u{0}"
[2022-06-29T12:44:53Z ERROR mp4parse] Found 2 nul bytes in "\u{0}\u{0}"
[2022-06-29T12:44:53Z ERROR mp4parse] Found 2 nul bytes in "\u{0}\u{0}"
[2022-06-29T12:45:01Z ERROR mp4parse] Found 2 nul bytes in "\u{0}\u{0}"
[2022-06-29T12:45:01Z ERROR mp4parse] Found 2 nul bytes in "\u{0}\u{0}"
[2022-06-29T12:45:01Z ERROR mp4parse] Found 2 nul bytes in "\u{0}\u{0}"
[2022-06-29T12:45:01Z ERROR mp4parse] Found 2 nul bytes in "\u{0}\u{0}"
[2022-06-29T12:45:11Z ERROR mp4parse] Found 2 nul bytes in "\u{0}\u{0}"
[2022-06-29T12:45:11Z ERROR mp4parse] Found 2 nul bytes in "\u{0}\u{0}"
[2022-06-29T12:45:11Z ERROR mp4parse] Found 2 nul bytes in "\u{0}\u{0}"
[2022-06-29T12:45:11Z ERROR mp4parse] Found 2 nul bytes in "\u{0}\u{0}"
[2022-06-29T12:45:16Z ERROR mp4parse] Found 2 nul bytes in "\u{0}\u{0}"
[2022-06-29T12:45:16Z ERROR mp4parse] Found 2 nul bytes in "\u{0}\u{0}"
[2022-06-29T12:45:16Z ERROR mp4parse] Found 2 nul bytes in "\u{0}\u{0}"
[2022-06-29T12:45:16Z ERROR mp4parse] Found 2 nul bytes in "\u{0}\u{0}"
[2022-06-29T12:45:22Z ERROR mp4parse] Found 2 nul bytes in "\u{0}\u{0}"
[2022-06-29T12:45:22Z ERROR mp4parse] Found 2 nul bytes in "\u{0}\u{0}"
[2022-06-29T12:45:22Z ERROR mp4parse] Found 2 nul bytes in "\u{0}\u{0}"
[2022-06-29T12:45:22Z ERROR mp4parse] Found 2 nul bytes in "\u{0}\u{0}"
[2022-06-29T12:45:28Z ERROR mp4parse] Found 2 nul bytes in "\u{0}\u{0}"
[2022-06-29T12:45:28Z ERROR mp4parse] Found 2 nul bytes in "\u{0}\u{0}"
[2022-06-29T12:45:28Z ERROR mp4parse] Found 2 nul bytes in "\u{0}\u{0}"
[2022-06-29T12:45:28Z ERROR mp4parse] Found 2 nul bytes in "\u{0}\u{0}"
[2022-06-29T12:45:34Z ERROR mp4parse] Found 2 nul bytes in "\u{0}\u{0}"
[2022-06-29T12:45:34Z ERROR mp4parse] Found 2 nul bytes in "\u{0}\u{0}"
[2022-06-29T12:45:34Z ERROR mp4parse] Found 2 nul bytes in "\u{0}\u{0}"
[2022-06-29T12:45:34Z ERROR mp4parse] Found 2 nul bytes in "\u{0}\u{0}"
[2022-06-29T12:45:41Z ERROR mp4parse] Found 2 nul bytes in "\u{0}\u{0}"
[2022-06-29T12:45:41Z ERROR mp4parse] Found 2 nul bytes in "\u{0}\u{0}"
[2022-06-29T12:45:41Z ERROR mp4parse] Found 2 nul bytes in "\u{0}\u{0}"
[2022-06-29T12:45:41Z ERROR mp4parse] Found 2 nul bytes in "\u{0}\u{0}"
1656510879757	geckodriver	INFO	Listening on 127.0.0.1:50009
1656510880185	mozrunner::runner	INFO	Running command: "/Applications/Firefox.app/Contents/MacOS/firefox-bin" "--marionette" "--remote-debugging-port" "50010" "--remote-allow-hosts" "localhost" "-foreground" "-no-remote" "-profile" "/var/folders/ms/gfqhw9v15v55931yqg1_j3t80000gn/T/rust_mozprofilecJdurA"
1656510880413	Marionette	INFO	Marionette enabled
UNSUPPORTED (log once): POSSIBLE ISSUE: unit 1 GLD_TEXTURE_INDEX_2D is unloadable and bound to sampler type (Float) - using zero texture because texture unloadable
console.warn: SearchSettings: "get: No settings file exists, new profile?" (new NotFoundError("Could not open the file at /var/folders/ms/gfqhw9v15v55931yqg1_j3t80000gn/T/rust_mozprofilecJdurA/search.json.mozlz4", (void 0)))
console.error: BackgroundUpdate: 
  _reasonsToNotScheduleUpdates: Failed to check for Maintenance Service Registry Key: [Exception... "Component returned failure code: 0x80004001 (NS_ERROR_NOT_IMPLEMENTED) [nsIUpdateProcessor.getServiceRegKeyExists]"  nsresult: "0x80004001 (NS_ERROR_NOT_IMPLEMENTED)"  location: "JS frame :: resource://gre/modules/BackgroundUpdate.jsm :: _reasonsToNotScheduleUpdates :: line 241"  data: no]
DevTools listening on ws://localhost:50010/devtools/browser/41a2d41c-9a81-4dca-9768-c9c904e9967f
1656510881148	Marionette	INFO	Listening on port 50030
Read port: 50030
1656510881231	RemoteAgent	WARN	TLS certificate errors will be ignored for this session
1656510882431	Marionette	WARN	Ignoring event 'pageshow' because document has an invalid readyState of 'uninitialized'.
[2022-06-29T13:54:42Z ERROR mp4parse] Found 2 nul bytes in "\u{0}\u{0}"
[2022-06-29T13:54:42Z ERROR mp4parse] Found 2 nul bytes in "\u{0}\u{0}"
[2022-06-29T13:54:42Z ERROR mp4parse] Found 2 nul bytes in "\u{0}\u{0}"
[2022-06-29T13:54:42Z ERROR mp4parse] Found 2 nul bytes in "\u{0}\u{0}"
[2022-06-29T13:55:09Z ERROR mp4parse] Found 2 nul bytes in "\u{0}\u{0}"
[2022-06-29T13:55:09Z ERROR mp4parse] Found 2 nul bytes in "\u{0}\u{0}"
[2022-06-29T13:55:09Z ERROR mp4parse] Found 2 nul bytes in "\u{0}\u{0}"
[2022-06-29T13:55:09Z ERROR mp4parse] Found 2 nul bytes in "\u{0}\u{0}"
[2022-06-29T13:55:33Z ERROR mp4parse] Found 2 nul bytes in "\u{0}\u{0}"
[2022-06-29T13:55:33Z ERROR mp4parse] Found 2 nul bytes in "\u{0}\u{0}"
[2022-06-29T13:55:33Z ERROR mp4parse] Found 2 nul bytes in "\u{0}\u{0}"
[2022-06-29T13:55:33Z ERROR mp4parse] Found 2 nul bytes in "\u{0}\u{0}"
[2022-06-29T13:55:59Z ERROR mp4parse] Found 2 nul bytes in "\u{0}\u{0}"
[2022-06-29T13:55:59Z ERROR mp4parse] Found 2 nul bytes in "\u{0}\u{0}"
[2022-06-29T13:55:59Z ERROR mp4parse] Found 2 nul bytes in "\u{0}\u{0}"
[2022-06-29T13:55:59Z ERROR mp4parse] Found 2 nul bytes in "\u{0}\u{0}"
[2022-06-29T13:56:09Z ERROR mp4parse] Found 2 nul bytes in "\u{0}\u{0}"
[2022-06-29T13:56:09Z ERROR mp4parse] Found 2 nul bytes in "\u{0}\u{0}"
[2022-06-29T13:56:09Z ERROR mp4parse] Found 2 nul bytes in "\u{0}\u{0}"
[2022-06-29T13:56:09Z ERROR mp4parse] Found 2 nul bytes in "\u{0}\u{0}"
[2022-06-29T13:56:15Z ERROR mp4parse] Found 2 nul bytes in "\u{0}\u{0}"
[2022-06-29T13:56:15Z ERROR mp4parse] Found 2 nul bytes in "\u{0}\u{0}"
[2022-06-29T13:56:15Z ERROR mp4parse] Found 2 nul bytes in "\u{0}\u{0}"
[2022-06-29T13:56:15Z ERROR mp4parse] Found 2 nul bytes in "\u{0}\u{0}"
[2022-06-29T13:56:39Z ERROR mp4parse] Found 2 nul bytes in "\u{0}\u{0}"
[2022-06-29T13:56:39Z ERROR mp4parse] Found 2 nul bytes in "\u{0}\u{0}"
[2022-06-29T13:56:39Z ERROR mp4parse] Found 2 nul bytes in "\u{0}\u{0}"
[2022-06-29T13:56:39Z ERROR mp4parse] Found 2 nul bytes in "\u{0}\u{0}"
[2022-06-29T13:56:45Z ERROR mp4parse] Found 2 nul bytes in "\u{0}\u{0}"
[2022-06-29T13:56:45Z ERROR mp4parse] Found 2 nul bytes in "\u{0}\u{0}"
[2022-06-29T13:56:45Z ERROR mp4parse] Found 2 nul bytes in "\u{0}\u{0}"
[2022-06-29T13:56:45Z ERROR mp4parse] Found 2 nul bytes in "\u{0}\u{0}"
[2022-06-29T13:56:51Z ERROR mp4parse] Found 2 nul bytes in "\u{0}\u{0}"
[2022-06-29T13:56:51Z ERROR mp4parse] Found 2 nul bytes in "\u{0}\u{0}"
[2022-06-29T13:56:51Z ERROR mp4parse] Found 2 nul bytes in "\u{0}\u{0}"
[2022-06-29T13:56:51Z ERROR mp4parse] Found 2 nul bytes in "\u{0}\u{0}"
[2022-06-29T13:56:57Z ERROR mp4parse] Found 2 nul bytes in "\u{0}\u{0}"
[2022-06-29T13:56:57Z ERROR mp4parse] Found 2 nul bytes in "\u{0}\u{0}"
[2022-06-29T13:56:57Z ERROR mp4parse] Found 2 nul bytes in "\u{0}\u{0}"
[2022-06-29T13:56:57Z ERROR mp4parse] Found 2 nul bytes in "\u{0}\u{0}"
